<?xml version="1.0" encoding="UTF-8"?>
<TestRun id="b3e9f60d-3d4f-48f9-85a2-e78fdab1cbfd" name="WATASK_1@RD00155D44C34F 2016-03-15 09:55:33" runUser="RD00155D44C34F\WATASK_1" xmlns="http://microsoft.com/schemas/VisualStudio/TeamTest/2010">
  <Times creation="2016-03-15T09:55:33.4782501+00:00" queuing="2016-03-15T09:55:33.5152490+00:00" start="2016-03-15T09:55:33.5332482+00:00" finish="2016-03-15T09:58:39.3572494+00:00" />
  <TestSettings name="default" id="c62eab30-9f78-45e8-8d17-7f2d9431d39c">
    <Execution>
      <TestTypeSpecific />
    </Execution>
    <Deployment runDeploymentRoot="WATASK_1_RD00155D44C34F 2016-03-15 09_55_33" />
    <Properties />
  </TestSettings>
  <Results>
    <UnitTestResult executionId="1d7d1ac5-2a33-4059-a84d-2a2840fe75d5" testId="a5511e8a-b281-4821-870a-e531b0a8759d" testName="GetAvailableActions" computerName="RD00155D44C34F" duration="00:00:02.5590000" startTime="2016-03-15T09:55:33.6052389+00:00" endTime="2016-03-15T09:55:33.6052389+00:00" testType="13cdc9d9-ddb5-4fa4-a97d-d965ccfc6d4b" outcome="Passed" testListId="8c84fa94-04c1-424b-9868-57a2d4851a1d" relativeResultsDirectory="1d7d1ac5-2a33-4059-a84d-2a2840fe75d5">
      <Output>
        <StdOut>3/15/2016 9:55:30 AM:TRPFEAPITests, Version=8.5.0.0, Culture=neutral, PublicKeyToken=null: Assembly Init
3/15/2016 9:55:32 AM:SubscriptionTests5: Class Cleanup</StdOut>
      </Output>
    </UnitTestResult>
    <UnitTestResult executionId="5c671831-f948-4f70-ba75-e201d14e20e9" testId="8bba7360-1968-4502-89c0-3be90fad1f1b" testName="ListOperations" computerName="RD00155D44C34F" duration="00:00:02.6440000" startTime="2016-03-15T09:55:33.6222411+00:00" endTime="2016-03-15T09:55:33.6222411+00:00" testType="13cdc9d9-ddb5-4fa4-a97d-d965ccfc6d4b" outcome="Failed" testListId="8c84fa94-04c1-424b-9868-57a2d4851a1d" relativeResultsDirectory="5c671831-f948-4f70-ba75-e201d14e20e9">
      <Output>
        <StdOut>3/15/2016 9:55:30 AM:TRPFEAPITests, Version=8.5.0.0, Culture=neutral, PublicKeyToken=null: Assembly Init
3/15/2016 9:55:32 AM:
Name: Microsoft.Batch/batchAccounts/providers/Microsoft.Insights/diagnosticSettings/read
3/15/2016 9:55:32 AM:Display.Provider: Microsoft Batch
3/15/2016 9:55:32 AM:Display.Resource: Batch Accounts
3/15/2016 9:55:32 AM:Display.Operation: Read diagnostic setting
3/15/2016 9:55:32 AM:Display.Description: Gets the diagnostic setting for the resource
3/15/2016 9:55:32 AM:Origin: system
3/15/2016 9:55:32 AM:Properties: ""
3/15/2016 9:55:32 AM:
Name: Microsoft.Batch/batchAccounts/providers/Microsoft.Insights/diagnosticSettings/write
3/15/2016 9:55:32 AM:Display.Provider: Microsoft Batch
3/15/2016 9:55:32 AM:Display.Resource: Batch Accounts
3/15/2016 9:55:32 AM:Display.Operation: Write diagnostic setting
3/15/2016 9:55:32 AM:Display.Description: Creates or updates the diagnostic setting for the resource
3/15/2016 9:55:32 AM:Origin: system
3/15/2016 9:55:32 AM:Properties: ""
3/15/2016 9:55:32 AM:
Name: Microsoft.Batch/batchAccounts/providers/Microsoft.Insights/logDefinitions/read
3/15/2016 9:55:32 AM:Display.Provider: Microsoft Batch
3/15/2016 9:55:32 AM:Display.Resource: Batch Account Log Definitions
3/15/2016 9:55:32 AM:Display.Operation: Read Batch service log definitions
3/15/2016 9:55:32 AM:Display.Description: Gets the available logs for the Batch service
3/15/2016 9:55:32 AM:Origin: system
3/15/2016 9:55:32 AM:Properties: {"ServiceSpecification":{"LogSpecifications":[{"Name":"ServiceLog","DisplayName":"Service Logs","BlobDuration":"PT1H"}],"MetricSpecifications":null}}
3/15/2016 9:55:32 AM:ProviderTenantTests: Class Cleanup</StdOut>
        <ErrorInfo>
          <Message>Assert.True() Failure
Expected: True
Actual:   False</Message>
          <StackTrace>   at Microsoft.Windows.Azure.Task.TRPFEAPITests.TestBase.ValidateLogOperationDefinitions(Operation logsReadOperation) in x:\bt\625418\repo\src\xstore\watask\FE\TRPFE\Test\APITests\Validators.cs:line 473
   at Microsoft.Windows.Azure.Task.TRPFEAPITests.TestBase.ValidateOperations(OperationList operationList) in x:\bt\625418\repo\src\xstore\watask\FE\TRPFE\Test\APITests\Validators.cs:line 443
   at Microsoft.Windows.Azure.Task.TRPFEAPITests.TestBase.SubmitListOperationsRequest(HttpStatusCode expectedStatusCode) in x:\bt\625418\repo\src\xstore\watask\FE\TRPFE\Test\APITests\HttpWrapper.cs:line 552
   at Microsoft.Windows.Azure.Task.TRPFEAPITests.ProviderTenantTests.ListOperations() in x:\bt\625418\repo\src\xstore\watask\FE\TRPFE\Test\APITests\ProviderTenantTests.cs:line 28</StackTrace>
        </ErrorInfo>
      </Output>
    </UnitTestResult>
    <UnitTestResult executionId="bd5eef77-f545-4b8e-bf6b-7383dc50c89a" testId="71aa99a3-1c95-45f6-b61f-e1a5fcad67ea" testName="DeleteAccountPositive" computerName="RD00155D44C34F" duration="00:00:12.5650000" startTime="2016-03-15T09:55:42.8772488+00:00" endTime="2016-03-15T09:55:42.8772488+00:00" testType="13cdc9d9-ddb5-4fa4-a97d-d965ccfc6d4b" outcome="Passed" testListId="8c84fa94-04c1-424b-9868-57a2d4851a1d" relativeResultsDirectory="bd5eef77-f545-4b8e-bf6b-7383dc50c89a">
      <Output>
        <StdOut>3/15/2016 9:55:30 AM:TRPFEAPITests, Version=8.5.0.0, Culture=neutral, PublicKeyToken=null: Assembly Init
3/15/2016 9:55:35 AM:Sleeping for 15 seconds... polling https://localhost:20204/subscriptions/e514edff-f7db-492c-8306-8f88ea924274/resourceGroups/myresources/providers/Microsoft.Batch/batchAccounts/account772060/operationResults/35d8992f-5918-45d0-96c2-4eed90cf43eb?api-version=2015-09-01
3/15/2016 9:55:39 AM:Returned account: account772060 devfabricregion  Microsoft.WindowsAzure.Task.BatchRPClient.AccountProperties
3/15/2016 9:55:39 AM:Sleeping for 15 seconds... polling https://localhost:20204/subscriptions/e514edff-f7db-492c-8306-8f88ea924274/resourceGroups/myresources/providers/Microsoft.Batch/batchAccounts/account772060/operationResults/87c03032-1d33-45ea-a34e-bd7e15adf75b?api-version=2015-09-01
3/15/2016 9:55:42 AM:DeleteAccountTests: Class Cleanup</StdOut>
      </Output>
    </UnitTestResult>
    <UnitTestResult executionId="b1bb7f2f-a00d-49db-a098-bc83fe4bfd2f" testId="12f5f5ee-a51d-4d0e-ba52-39a1ab2b8334" testName="DeleteNonexistentAccount" computerName="RD00155D44C34F" duration="00:00:00.0500000" startTime="2016-03-15T09:55:44.3812500+00:00" endTime="2016-03-15T09:55:44.3812500+00:00" testType="13cdc9d9-ddb5-4fa4-a97d-d965ccfc6d4b" outcome="Passed" testListId="8c84fa94-04c1-424b-9868-57a2d4851a1d" relativeResultsDirectory="b1bb7f2f-a00d-49db-a098-bc83fe4bfd2f">
      <Output>
        <StdOut>3/15/2016 9:55:42 AM:TRPFEAPITests, Version=8.5.0.0, Culture=neutral, PublicKeyToken=null: Assembly Init
3/15/2016 9:55:42 AM:DeleteAccountTests: Class Cleanup</StdOut>
      </Output>
    </UnitTestResult>
    <UnitTestResult executionId="94bffaaa-d09a-4bd9-b96b-5611c1d11945" testId="9a17acfc-ef5d-4902-9cc9-ddaa71480e46" testName="UpdateSubscriptionUnregisteredPositive" computerName="RD00155D44C34F" duration="00:00:10.4750000" startTime="2016-03-15T09:55:44.3812500+00:00" endTime="2016-03-15T09:55:44.3812500+00:00" testType="13cdc9d9-ddb5-4fa4-a97d-d965ccfc6d4b" outcome="Passed" testListId="8c84fa94-04c1-424b-9868-57a2d4851a1d" relativeResultsDirectory="94bffaaa-d09a-4bd9-b96b-5611c1d11945">
      <Output>
        <StdOut>3/15/2016 9:55:32 AM:TRPFEAPITests, Version=8.5.0.0, Culture=neutral, PublicKeyToken=null: Assembly Init
3/15/2016 9:55:35 AM:Sleeping for 15 seconds... polling https://localhost:20204/subscriptions/656cce41-9207-4f99-8c97-cc1a6cbc58da/resourceGroups/myresources/providers/Microsoft.Batch/batchAccounts/account884926/operationResults/8882d177-d63d-4b2d-ae77-826b67110eda?api-version=2015-09-01
3/15/2016 9:55:39 AM:Returned account: account884926 devfabricregion  Microsoft.WindowsAzure.Task.BatchRPClient.AccountProperties
3/15/2016 9:55:40 AM:HttpStatusCode Accepted received. Sleeping and retrying...
3/15/2016 9:55:43 AM:SubscriptionTests1: Class Cleanup</StdOut>
      </Output>
    </UnitTestResult>
    <UnitTestResult executionId="582c35c0-5335-4061-936e-90ff67c51537" testId="de8d1b27-1e7f-4fcf-96f1-ee1e9f079d0f" testName="UpdateSubscriptionDeleteSuspendedAccount" computerName="RD00155D44C34F" duration="00:00:16.7470000" startTime="2016-03-15T09:55:47.0642489+00:00" endTime="2016-03-15T09:55:47.0642489+00:00" testType="13cdc9d9-ddb5-4fa4-a97d-d965ccfc6d4b" outcome="Passed" testListId="8c84fa94-04c1-424b-9868-57a2d4851a1d" relativeResultsDirectory="582c35c0-5335-4061-936e-90ff67c51537">
      <Output>
        <StdOut>3/15/2016 9:55:30 AM:TRPFEAPITests, Version=8.5.0.0, Culture=neutral, PublicKeyToken=null: Assembly Init
3/15/2016 9:55:35 AM:Sleeping for 15 seconds... polling https://localhost:20204/subscriptions/97f887ba-d3bb-4b14-8f2c-f30bf101bf7a/resourceGroups/myresources/providers/Microsoft.Batch/batchAccounts/account921577/operationResults/dc5987c9-29b5-473f-ae6d-88b861921e06?api-version=2015-09-01
3/15/2016 9:55:39 AM:Returned account: account921577 devfabricregion  Microsoft.WindowsAzure.Task.BatchRPClient.AccountProperties
3/15/2016 9:55:40 AM:HttpStatusCode Accepted received. Sleeping and retrying...
3/15/2016 9:55:43 AM:Request Id : a8b32583-c550-4be3-9d06-d766ae4a763c
3/15/2016 9:55:43 AM:Received status code Conflict as expected
3/15/2016 9:55:43 AM:Sleeping for 15 seconds... polling https://localhost:20204/subscriptions/97f887ba-d3bb-4b14-8f2c-f30bf101bf7a/resourceGroups/myresources/providers/Microsoft.Batch/batchAccounts/account921577/operationResults/079fc633-52a4-44c3-9584-eeb0bd506731?api-version=2015-09-01
3/15/2016 9:55:47 AM:Request Id : 12f67dc4-847e-481e-9bc4-a5d07cf94756
3/15/2016 9:55:47 AM:Received status code NotFound as expected
3/15/2016 9:55:47 AM:SubscriptionTests2: Class Cleanup</StdOut>
      </Output>
    </UnitTestResult>
    <UnitTestResult executionId="4aeb2939-096b-4b51-a3d8-ca732cd693ea" testId="52ec8578-9e2d-43d7-8cbd-4ceffae02ef9" testName="ListAccountsInSubscriptionWithSkipToken" computerName="RD00155D44C34F" duration="00:00:15.3200000" startTime="2016-03-15T09:55:48.5692422+00:00" endTime="2016-03-15T09:55:48.5692422+00:00" testType="13cdc9d9-ddb5-4fa4-a97d-d965ccfc6d4b" outcome="Passed" testListId="8c84fa94-04c1-424b-9868-57a2d4851a1d" relativeResultsDirectory="4aeb2939-096b-4b51-a3d8-ca732cd693ea">
      <Output>
        <StdOut>3/15/2016 9:55:32 AM:TRPFEAPITests, Version=8.5.0.0, Culture=neutral, PublicKeyToken=null: Assembly Init
3/15/2016 9:55:37 AM:Sleeping for 15 seconds... polling https://localhost:20204/subscriptions/9c6fdd69-f3ca-4db8-a7a8-6e8a4f421a0a/resourceGroups/listgroup1/providers/Microsoft.Batch/batchAccounts/aaccount325491/operationResults/5c6e8016-87cb-40ef-86e7-34e9c1def100?api-version=2015-09-01
3/15/2016 9:55:40 AM:Returned account: aaccount325491 devfabricregion  Microsoft.WindowsAzure.Task.BatchRPClient.AccountProperties
3/15/2016 9:55:41 AM:Sleeping for 15 seconds... polling https://localhost:20204/subscriptions/9c6fdd69-f3ca-4db8-a7a8-6e8a4f421a0a/resourceGroups/listgroup1/providers/Microsoft.Batch/batchAccounts/baccount758207/operationResults/049558fd-8575-4099-9d57-5ed5993e52d5?api-version=2015-09-01
3/15/2016 9:55:44 AM:Returned account: baccount758207 devfabricregion  Microsoft.WindowsAzure.Task.BatchRPClient.AccountProperties
3/15/2016 9:55:45 AM:Sleeping for 15 seconds... polling https://localhost:20204/subscriptions/9c6fdd69-f3ca-4db8-a7a8-6e8a4f421a0a/resourceGroups/listgroup2/providers/Microsoft.Batch/batchAccounts/caccount604198/operationResults/770818fe-83ed-440e-b8a8-0342ef152b53?api-version=2015-09-01
3/15/2016 9:55:48 AM:Returned account: caccount604198 devfabricregion  Microsoft.WindowsAzure.Task.BatchRPClient.AccountProperties
3/15/2016 9:55:48 AM:Verifying account: baccount758207 devfabricregion
3/15/2016 9:55:48 AM:Verifying account: caccount604198 devfabricregion
3/15/2016 9:55:48 AM:SubscriptionTests5: Class Cleanup</StdOut>
      </Output>
    </UnitTestResult>
    <UnitTestResult executionId="af89d67b-0575-4d7c-bd46-e34b89c777f3" testId="a491bd4d-436e-4b87-8d78-908af86239a5" testName="GetSubscriptionQuotas" computerName="RD00155D44C34F" duration="00:00:00.1560000" startTime="2016-03-15T09:55:48.5703452+00:00" endTime="2016-03-15T09:55:48.5703452+00:00" testType="13cdc9d9-ddb5-4fa4-a97d-d965ccfc6d4b" outcome="Passed" testListId="8c84fa94-04c1-424b-9868-57a2d4851a1d" relativeResultsDirectory="af89d67b-0575-4d7c-bd46-e34b89c777f3">
      <Output>
        <StdOut>3/15/2016 9:55:48 AM:TRPFEAPITests, Version=8.5.0.0, Culture=neutral, PublicKeyToken=null: Assembly Init
3/15/2016 9:55:48 AM:Request Id : 98ed20d6-21f9-48aa-8d3e-35377a9d2ef1
3/15/2016 9:55:48 AM:Received status code Conflict as expected
3/15/2016 9:55:48 AM:Register a subscription 4c558d62-1afc-429e-adf2-48597d0e7618
3/15/2016 9:55:48 AM:Get account quota for 4c558d62-1afc-429e-adf2-48597d0e7618
3/15/2016 9:55:48 AM:Get account quota for 4c558d62-1afc-429e-adf2-48597d0e7618 after setting the quota to be 11
3/15/2016 9:55:48 AM:SubscriptionTests5: Class Cleanup</StdOut>
      </Output>
    </UnitTestResult>
    <UnitTestResult executionId="49ba98e3-bb21-44e6-9b4f-40646f1202f4" testId="0ecf5916-4d30-4e18-bfa8-812bb61053a2" testName="ListAccountsInDefaultSubscription" computerName="RD00155D44C34F" duration="00:00:00.0010000" startTime="2016-03-15T09:55:48.5712400+00:00" endTime="2016-03-15T09:55:48.5712400+00:00" testType="13cdc9d9-ddb5-4fa4-a97d-d965ccfc6d4b" outcome="NotExecuted" testListId="8c84fa94-04c1-424b-9868-57a2d4851a1d" relativeResultsDirectory="49ba98e3-bb21-44e6-9b4f-40646f1202f4" />
    <UnitTestResult executionId="a1077e15-ecc3-431c-b7ed-96d698eec883" testId="3691092b-07d3-4663-a864-b921aa1d6406" testName="ListAccountsInEmptySubscription" computerName="RD00155D44C34F" duration="00:00:00.0340000" startTime="2016-03-15T09:55:48.5722476+00:00" endTime="2016-03-15T09:55:48.5722476+00:00" testType="13cdc9d9-ddb5-4fa4-a97d-d965ccfc6d4b" outcome="Passed" testListId="8c84fa94-04c1-424b-9868-57a2d4851a1d" relativeResultsDirectory="a1077e15-ecc3-431c-b7ed-96d698eec883">
      <Output>
        <StdOut>3/15/2016 9:55:48 AM:TRPFEAPITests, Version=8.5.0.0, Culture=neutral, PublicKeyToken=null: Assembly Init
3/15/2016 9:55:48 AM:SubscriptionTests5: Class Cleanup</StdOut>
      </Output>
    </UnitTestResult>
    <UnitTestResult executionId="b3e46d96-18c2-43a9-a89e-561e36c1e775" testId="e5a657d8-b80d-49f9-8791-89f92ce57f7e" testName="ListAccountsInSubscriptionDeletingState" computerName="RD00155D44C34F" duration="00:00:00.0010000" startTime="2016-03-15T09:55:48.5722476+00:00" endTime="2016-03-15T09:55:48.5722476+00:00" testType="13cdc9d9-ddb5-4fa4-a97d-d965ccfc6d4b" outcome="NotExecuted" testListId="8c84fa94-04c1-424b-9868-57a2d4851a1d" relativeResultsDirectory="b3e46d96-18c2-43a9-a89e-561e36c1e775" />
    <UnitTestResult executionId="28b85786-930d-4e10-b988-b1b37abdb256" testId="01c726f8-c4a1-404d-bb68-5f92324c6801" testName="UpdateSubscriptionWarnAndSuspendSingleAccount" computerName="RD00155D44C34F" duration="00:00:18.7360000" startTime="2016-03-15T09:55:50.0842488+00:00" endTime="2016-03-15T09:55:50.0842488+00:00" testType="13cdc9d9-ddb5-4fa4-a97d-d965ccfc6d4b" outcome="Passed" testListId="8c84fa94-04c1-424b-9868-57a2d4851a1d" relativeResultsDirectory="28b85786-930d-4e10-b988-b1b37abdb256">
      <Output>
        <StdOut>3/15/2016 9:55:30 AM:TRPFEAPITests, Version=8.5.0.0, Culture=neutral, PublicKeyToken=null: Assembly Init
3/15/2016 9:55:37 AM:Sleeping for 15 seconds... polling https://localhost:20204/subscriptions/d6627ddb-2e98-4df0-9d04-3a04cb243288/resourceGroups/myresources/providers/Microsoft.Batch/batchAccounts/account786103/operationResults/e24f1c12-052e-4ce7-a72c-a2f47e9aab27?api-version=2015-09-01
3/15/2016 9:55:40 AM:Returned account: account786103 devfabricregion  Microsoft.WindowsAzure.Task.BatchRPClient.AccountProperties
3/15/2016 9:55:41 AM:Request Id : 802530e4-ac5e-4e59-8eed-8f29fdb1fd2b
3/15/2016 9:55:41 AM:Received status code Conflict as expected
3/15/2016 9:55:41 AM:Request Id : 294fc34d-2a98-4dc2-9dfb-29b00ebabd0c
3/15/2016 9:55:41 AM:Received status code Conflict as expected
3/15/2016 9:55:41 AM:Returned account: devfabricregion  Microsoft.WindowsAzure.Task.BatchRPClient.AccountProperties
3/15/2016 9:55:42 AM:Sleeping for 15 seconds... polling https://localhost:20204/subscriptions/d6627ddb-2e98-4df0-9d04-3a04cb243288/resourceGroups/myresources/providers/Microsoft.Batch/batchAccounts/account121418/operationResults/344b4edc-4b3f-4f11-9df6-a8827ce1cdb5?api-version=2015-09-01
3/15/2016 9:55:45 AM:Request Id : 97b92e26-12d9-492b-98d8-4e9c1c2f551e
3/15/2016 9:55:45 AM:Received status code Conflict as expected
3/15/2016 9:55:45 AM:HttpStatusCode Accepted received. Sleeping and retrying...
3/15/2016 9:55:48 AM:SubscriptionTests4: Class Cleanup</StdOut>
      </Output>
    </UnitTestResult>
    <UnitTestResult executionId="726fcde7-a095-4bd9-9c31-f330f64f102c" testId="eb0535f8-9a12-4201-bf7c-ff75613820ff" testName="RecreateDeletedAccount" computerName="RD00155D44C34F" duration="00:00:10.5200000" startTime="2016-03-15T09:55:53.4462484+00:00" endTime="2016-03-15T09:55:53.4462484+00:00" testType="13cdc9d9-ddb5-4fa4-a97d-d965ccfc6d4b" outcome="Passed" testListId="8c84fa94-04c1-424b-9868-57a2d4851a1d" relativeResultsDirectory="726fcde7-a095-4bd9-9c31-f330f64f102c">
      <Output>
        <StdOut>3/15/2016 9:55:42 AM:TRPFEAPITests, Version=8.5.0.0, Culture=neutral, PublicKeyToken=null: Assembly Init
3/15/2016 9:55:42 AM:Creating account account399918
3/15/2016 9:55:43 AM:Sleeping for 15 seconds... polling https://localhost:20204/subscriptions/a1d02f63-f808-4608-a2d7-d592ffd90cdf/resourceGroups/myresources/providers/Microsoft.Batch/batchAccounts/account399918/operationResults/02905e08-fcbb-45ba-beb9-419adfcd1623?api-version=2015-09-01
3/15/2016 9:55:46 AM:Returned account: account399918 devfabricregion  Microsoft.WindowsAzure.Task.BatchRPClient.AccountProperties
3/15/2016 9:55:46 AM:Deleting account account399918
3/15/2016 9:55:46 AM:Sleeping for 15 seconds... polling https://localhost:20204/subscriptions/a1d02f63-f808-4608-a2d7-d592ffd90cdf/resourceGroups/myresources/providers/Microsoft.Batch/batchAccounts/account399918/operationResults/461da750-8fa1-4056-a052-6539349f923e?api-version=2015-09-01
3/15/2016 9:55:49 AM:Recreating account account399918
3/15/2016 9:55:50 AM:Sleeping for 15 seconds... polling https://localhost:20204/subscriptions/a1d02f63-f808-4608-a2d7-d592ffd90cdf/resourceGroups/myresources/providers/Microsoft.Batch/batchAccounts/account399918/operationResults/79800ba1-4774-409f-b98e-1b76845e5fc4?api-version=2015-09-01
3/15/2016 9:55:53 AM:Returned account: account399918 devfabricregion  Microsoft.WindowsAzure.Task.BatchRPClient.AccountProperties
3/15/2016 9:55:53 AM:DeleteAccountTests: Class Cleanup</StdOut>
      </Output>
    </UnitTestResult>
    <UnitTestResult executionId="a2fd40b6-f935-4d1c-b040-8d7755a3c3d0" testId="4ba3ea5b-6e30-416d-bb6b-df9fc9b2fef1" testName="UpdateSubscriptionSuspendTwice" computerName="RD00155D44C34F" duration="00:00:08.1930000" startTime="2016-03-15T09:55:55.2522413+00:00" endTime="2016-03-15T09:55:55.2522413+00:00" testType="13cdc9d9-ddb5-4fa4-a97d-d965ccfc6d4b" outcome="Passed" testListId="8c84fa94-04c1-424b-9868-57a2d4851a1d" relativeResultsDirectory="a2fd40b6-f935-4d1c-b040-8d7755a3c3d0">
      <Output>
        <StdOut>3/15/2016 9:55:47 AM:TRPFEAPITests, Version=8.5.0.0, Culture=neutral, PublicKeyToken=null: Assembly Init
3/15/2016 9:55:47 AM:Sleeping for 15 seconds... polling https://localhost:20204/subscriptions/8b7c94b8-7a93-493f-a64f-283ca22f8a83/resourceGroups/myresources/providers/Microsoft.Batch/batchAccounts/account725531/operationResults/018c0b57-4888-4dea-bf8e-d4534ed015a6?api-version=2015-09-01
3/15/2016 9:55:50 AM:Returned account: account725531 devfabricregion  Microsoft.WindowsAzure.Task.BatchRPClient.AccountProperties
3/15/2016 9:55:51 AM:HttpStatusCode Accepted received. Sleeping and retrying...
3/15/2016 9:55:54 AM:Request Id : f6a7477d-b0f7-40cc-ae87-e47c0f213580
3/15/2016 9:55:54 AM:Received status code Conflict as expected
3/15/2016 9:55:55 AM:Request Id : fb9a9f7b-3d85-4d55-bf9a-e02ca0e0ee99
3/15/2016 9:55:55 AM:Received status code Conflict as expected
3/15/2016 9:55:55 AM:SubscriptionTests2: Class Cleanup</StdOut>
      </Output>
    </UnitTestResult>
    <UnitTestResult executionId="260ede7a-23ac-438b-aa77-1dc58d99b9ee" testId="b1bc9b80-37aa-4859-b7f7-1a5ace665626" testName="UpdateSubscriptionSuspendedPositive" computerName="RD00155D44C34F" duration="00:00:12.6010000" startTime="2016-03-15T09:55:56.7562401+00:00" endTime="2016-03-15T09:55:56.7562401+00:00" testType="13cdc9d9-ddb5-4fa4-a97d-d965ccfc6d4b" outcome="Passed" testListId="8c84fa94-04c1-424b-9868-57a2d4851a1d" relativeResultsDirectory="260ede7a-23ac-438b-aa77-1dc58d99b9ee">
      <Output>
        <StdOut>3/15/2016 9:55:43 AM:TRPFEAPITests, Version=8.5.0.0, Culture=neutral, PublicKeyToken=null: Assembly Init
3/15/2016 9:55:44 AM:Sleeping for 15 seconds... polling https://localhost:20204/subscriptions/6c273629-8f70-4b07-8ddf-e0e31580d258/resourceGroups/myresources/providers/Microsoft.Batch/batchAccounts/account388595/operationResults/0b056519-f311-46a9-b029-4fe9ca81f1c3?api-version=2015-09-01
3/15/2016 9:55:47 AM:Returned account: account388595 devfabricregion  Microsoft.WindowsAzure.Task.BatchRPClient.AccountProperties
3/15/2016 9:55:47 AM:HttpStatusCode Accepted received. Sleeping and retrying...
3/15/2016 9:55:51 AM:Request Id : 94d45b67-629c-483a-8fbe-2a6c4d93b445
3/15/2016 9:55:51 AM:Received status code Conflict as expected
3/15/2016 9:55:51 AM:Request Id : 224ecf70-c174-43ee-b842-e0f67752d31f
3/15/2016 9:55:51 AM:Received status code Conflict as expected
3/15/2016 9:55:51 AM:Returned account: devfabricregion  Microsoft.WindowsAzure.Task.BatchRPClient.AccountProperties
3/15/2016 9:55:52 AM:Sleeping for 15 seconds... polling https://localhost:20204/subscriptions/6c273629-8f70-4b07-8ddf-e0e31580d258/resourceGroups/myresources/providers/Microsoft.Batch/batchAccounts/account614993/operationResults/c4916504-49af-4f33-aa9a-9c4552a9e3d2?api-version=2015-09-01
3/15/2016 9:55:56 AM:Request Id : 10acd8ba-f8c2-4017-beb7-2867bbf3d240
3/15/2016 9:55:56 AM:Received status code Conflict as expected
3/15/2016 9:55:56 AM:SubscriptionTests1: Class Cleanup</StdOut>
      </Output>
    </UnitTestResult>
    <UnitTestResult executionId="aa2704e2-6332-49b2-b5e6-334e6fccc332" testId="5ed10667-5d92-44ee-b699-d9c2cacde7d4" testName="UpdateSubscriptionRegisteredPositive" computerName="RD00155D44C34F" duration="00:00:00.0370000" startTime="2016-03-15T09:55:56.7562401+00:00" endTime="2016-03-15T09:55:56.7562401+00:00" testType="13cdc9d9-ddb5-4fa4-a97d-d965ccfc6d4b" outcome="Passed" testListId="8c84fa94-04c1-424b-9868-57a2d4851a1d" relativeResultsDirectory="aa2704e2-6332-49b2-b5e6-334e6fccc332">
      <Output>
        <StdOut>3/15/2016 9:55:56 AM:TRPFEAPITests, Version=8.5.0.0, Culture=neutral, PublicKeyToken=null: Assembly Init
3/15/2016 9:55:56 AM:SubscriptionTests1: Class Cleanup</StdOut>
      </Output>
    </UnitTestResult>
    <UnitTestResult executionId="eb6b845b-8bad-453f-b559-b387ea53e5d7" testId="0168fe39-c2e0-4fa4-abbc-6ba26e8bf1cc" testName="DeleteAccountInWrongSubscription" computerName="RD00155D44C34F" duration="00:00:03.6070000" startTime="2016-03-15T09:55:58.2572385+00:00" endTime="2016-03-15T09:55:58.2572385+00:00" testType="13cdc9d9-ddb5-4fa4-a97d-d965ccfc6d4b" outcome="Passed" testListId="8c84fa94-04c1-424b-9868-57a2d4851a1d" relativeResultsDirectory="eb6b845b-8bad-453f-b559-b387ea53e5d7">
      <Output>
        <StdOut>3/15/2016 9:55:53 AM:TRPFEAPITests, Version=8.5.0.0, Culture=neutral, PublicKeyToken=null: Assembly Init
3/15/2016 9:55:53 AM:Sleeping for 15 seconds... polling https://localhost:20204/subscriptions/a5e9ccc9-3fee-451a-9966-99cb02f985ea/resourceGroups/myresources/providers/Microsoft.Batch/batchAccounts/account937616/operationResults/a66a7b00-5a0c-43f5-9e98-d619e2f3b1e7?api-version=2015-09-01
3/15/2016 9:55:56 AM:Returned account: account937616 devfabricregion  Microsoft.WindowsAzure.Task.BatchRPClient.AccountProperties
3/15/2016 9:55:56 AM:Returned account: devfabricregion  Microsoft.WindowsAzure.Task.BatchRPClient.AccountProperties
3/15/2016 9:55:56 AM:DeleteAccountTests: Class Cleanup</StdOut>
      </Output>
    </UnitTestResult>
    <UnitTestResult executionId="c1de0700-ba28-41bc-b282-749258b61904" testId="3898f48d-1037-4b36-b76f-2db4589056d8" testName="ListAccountsInSubscription" computerName="RD00155D44C34F" duration="00:00:11.6400000" startTime="2016-03-15T09:56:00.0812407+00:00" endTime="2016-03-15T09:56:00.0812407+00:00" testType="13cdc9d9-ddb5-4fa4-a97d-d965ccfc6d4b" outcome="Passed" testListId="8c84fa94-04c1-424b-9868-57a2d4851a1d" relativeResultsDirectory="c1de0700-ba28-41bc-b282-749258b61904">
      <Output>
        <StdOut>3/15/2016 9:55:48 AM:TRPFEAPITests, Version=8.5.0.0, Culture=neutral, PublicKeyToken=null: Assembly Init
3/15/2016 9:55:49 AM:Sleeping for 15 seconds... polling https://localhost:20204/subscriptions/f85f6378-8187-42a2-b4c9-b6b167987a67/resourceGroups/listgroup1/providers/Microsoft.Batch/batchAccounts/aaccount522942/operationResults/d7251ceb-50fe-4413-b709-fbe432ec1ed3?api-version=2015-09-01
3/15/2016 9:55:52 AM:Returned account: aaccount522942 devfabricregion  Microsoft.WindowsAzure.Task.BatchRPClient.AccountProperties
3/15/2016 9:55:53 AM:Sleeping for 15 seconds... polling https://localhost:20204/subscriptions/f85f6378-8187-42a2-b4c9-b6b167987a67/resourceGroups/listgroup1/providers/Microsoft.Batch/batchAccounts/baccount630639/operationResults/4cb1742b-20f8-4694-b294-83bcbecc85e2?api-version=2015-09-01
3/15/2016 9:55:56 AM:Returned account: baccount630639 devfabricregion  Microsoft.WindowsAzure.Task.BatchRPClient.AccountProperties
3/15/2016 9:55:56 AM:Sleeping for 15 seconds... polling https://localhost:20204/subscriptions/f85f6378-8187-42a2-b4c9-b6b167987a67/resourceGroups/listgroup2/providers/Microsoft.Batch/batchAccounts/caccount251716/operationResults/465f8ae3-f00a-44ec-abf7-e673fbaea7a3?api-version=2015-09-01
3/15/2016 9:55:59 AM:Returned account: caccount251716 devfabricregion  Microsoft.WindowsAzure.Task.BatchRPClient.AccountProperties
3/15/2016 9:56:00 AM:Verifying account: aaccount522942 devfabricregion
3/15/2016 9:56:00 AM:Verifying account: baccount630639 devfabricregion
3/15/2016 9:56:00 AM:Verifying account: caccount251716 devfabricregion
3/15/2016 9:56:00 AM:SubscriptionTests5: Class Cleanup</StdOut>
      </Output>
    </UnitTestResult>
    <UnitTestResult executionId="864f1b36-c8ba-4b19-99a8-b091f32fdf25" testId="680d58db-7c72-4e31-a9d8-72d50c1c665c" testName="DeleteAccountInWrongResourceGroup" computerName="RD00155D44C34F" duration="00:00:03.7230000" startTime="2016-03-15T09:56:01.5842506+00:00" endTime="2016-03-15T09:56:01.5842506+00:00" testType="13cdc9d9-ddb5-4fa4-a97d-d965ccfc6d4b" outcome="Passed" testListId="8c84fa94-04c1-424b-9868-57a2d4851a1d" relativeResultsDirectory="864f1b36-c8ba-4b19-99a8-b091f32fdf25">
      <Output>
        <StdOut>3/15/2016 9:55:56 AM:TRPFEAPITests, Version=8.5.0.0, Culture=neutral, PublicKeyToken=null: Assembly Init
3/15/2016 9:55:57 AM:Sleeping for 15 seconds... polling https://localhost:20204/subscriptions/0e983c9e-5f8e-46f9-a832-492989e0a481/resourceGroups/myresources1/providers/Microsoft.Batch/batchAccounts/account882407/operationResults/5215d4af-755c-47ab-a162-aa5c036addc9?api-version=2015-09-01
3/15/2016 9:56:00 AM:Returned account: account882407 devfabricregion  Microsoft.WindowsAzure.Task.BatchRPClient.AccountProperties
3/15/2016 9:56:00 AM:Returned account: devfabricregion  Microsoft.WindowsAzure.Task.BatchRPClient.AccountProperties
3/15/2016 9:56:00 AM:DeleteAccountTests: Class Cleanup</StdOut>
      </Output>
    </UnitTestResult>
    <UnitTestResult executionId="1357096d-a849-4bf4-ad43-6d301ac871bd" testId="e5f1ff95-c420-4bdf-9bb2-6b280c37ac5b" testName="UpdateSubscriptionDeletedPositive" computerName="RD00155D44C34F" duration="00:00:06.9040000" startTime="2016-03-15T09:56:03.0992478+00:00" endTime="2016-03-15T09:56:03.0992478+00:00" testType="13cdc9d9-ddb5-4fa4-a97d-d965ccfc6d4b" outcome="Passed" testListId="8c84fa94-04c1-424b-9868-57a2d4851a1d" relativeResultsDirectory="1357096d-a849-4bf4-ad43-6d301ac871bd">
      <Output>
        <StdOut>3/15/2016 9:55:56 AM:TRPFEAPITests, Version=8.5.0.0, Culture=neutral, PublicKeyToken=null: Assembly Init
3/15/2016 9:55:56 AM:Sleeping for 15 seconds... polling https://localhost:20204/subscriptions/0920a034-b3cb-4398-88a9-9e7299ac7bf8/resourceGroups/myresources/providers/Microsoft.Batch/batchAccounts/account185417/operationResults/9a476fed-2ac9-43e3-b9bd-75a9b28b7644?api-version=2015-09-01
3/15/2016 9:55:59 AM:Returned account: account185417 devfabricregion  Microsoft.WindowsAzure.Task.BatchRPClient.AccountProperties
3/15/2016 9:55:59 AM:HttpStatusCode Accepted received. Sleeping and retrying...
3/15/2016 9:56:02 AM:SubscriptionTests1: Class Cleanup</StdOut>
      </Output>
    </UnitTestResult>
    <UnitTestResult executionId="49921f4e-813a-4871-9145-3dfb7ba0a0f7" testId="7522b8dd-b330-4b66-932d-cf974ed04cd6" testName="UpdateSubscriptionWarnMultipleAccounts" computerName="RD00155D44C34F" duration="00:00:14.2720000" startTime="2016-03-15T09:56:04.6152485+00:00" endTime="2016-03-15T09:56:04.6152485+00:00" testType="13cdc9d9-ddb5-4fa4-a97d-d965ccfc6d4b" outcome="Passed" testListId="8c84fa94-04c1-424b-9868-57a2d4851a1d" relativeResultsDirectory="49921f4e-813a-4871-9145-3dfb7ba0a0f7">
      <Output>
        <StdOut>3/15/2016 9:55:48 AM:TRPFEAPITests, Version=8.5.0.0, Culture=neutral, PublicKeyToken=null: Assembly Init
3/15/2016 9:55:49 AM:Sleeping for 15 seconds... polling https://localhost:20204/subscriptions/856914df-5121-449b-ac30-9c00bbc4a80a/resourceGroups/myresources/providers/Microsoft.Batch/batchAccounts/account897228/operationResults/9125c526-59a5-4bd1-82af-bd5c07cbfe98?api-version=2015-09-01
3/15/2016 9:55:52 AM:Returned account: account897228 devfabricregion  Microsoft.WindowsAzure.Task.BatchRPClient.AccountProperties
3/15/2016 9:55:53 AM:Sleeping for 15 seconds... polling https://localhost:20204/subscriptions/856914df-5121-449b-ac30-9c00bbc4a80a/resourceGroups/myresources/providers/Microsoft.Batch/batchAccounts/account98938/operationResults/c6ddf366-2c9d-4117-b60f-bb07862dc4d9?api-version=2015-09-01
3/15/2016 9:55:56 AM:Returned account: account98938 devfabricregion  Microsoft.WindowsAzure.Task.BatchRPClient.AccountProperties
3/15/2016 9:55:57 AM:Sleeping for 15 seconds... polling https://localhost:20204/subscriptions/856914df-5121-449b-ac30-9c00bbc4a80a/resourceGroups/myresources/providers/Microsoft.Batch/batchAccounts/account690925/operationResults/95cc642a-117a-4527-a479-06d578a0e3ef?api-version=2015-09-01
3/15/2016 9:56:00 AM:Returned account: account690925 devfabricregion  Microsoft.WindowsAzure.Task.BatchRPClient.AccountProperties
3/15/2016 9:56:02 AM:Request Id : fd0255f2-bfc3-410b-85c9-02ab4566f052
3/15/2016 9:56:02 AM:Received status code Conflict as expected
3/15/2016 9:56:02 AM:Request Id : 78ad42d9-aa48-45a8-930b-89b811d88a7e
3/15/2016 9:56:02 AM:Received status code Conflict as expected
3/15/2016 9:56:03 AM:Request Id : e52b911e-b3b9-48fd-9e2f-19951eb4ced6
3/15/2016 9:56:03 AM:Received status code Conflict as expected
3/15/2016 9:56:03 AM:SubscriptionTests4: Class Cleanup</StdOut>
      </Output>
    </UnitTestResult>
    <UnitTestResult executionId="dc5c4df6-d268-4e3a-8f3c-3279d2ca38ce" testId="a39ffadb-f289-486a-bf4d-733fc9ca3321" testName="PatchAccountEmptyTagNameOrValue" computerName="RD00155D44C34F" duration="00:00:03.7290000" startTime="2016-03-15T09:56:04.6152485+00:00" endTime="2016-03-15T09:56:04.6152485+00:00" testType="13cdc9d9-ddb5-4fa4-a97d-d965ccfc6d4b" outcome="Passed" testListId="8c84fa94-04c1-424b-9868-57a2d4851a1d" relativeResultsDirectory="dc5c4df6-d268-4e3a-8f3c-3279d2ca38ce">
      <Output>
        <StdOut>3/15/2016 9:56:00 AM:TRPFEAPITests, Version=8.5.0.0, Culture=neutral, PublicKeyToken=null: Assembly Init
3/15/2016 9:56:00 AM:Sleeping for 15 seconds... polling https://localhost:20204/subscriptions/7f3af809-6359-4190-b081-ae1cb3b43366/resourceGroups/myresources/providers/Microsoft.Batch/batchAccounts/account319800/operationResults/efffe4c4-4b34-4c53-867f-9f359e5c2f30?api-version=2015-09-01
3/15/2016 9:56:03 AM:Returned account: account319800 devfabricregion System.Collections.Generic.Dictionary`2[System.String,System.String] Microsoft.WindowsAzure.Task.BatchRPClient.AccountProperties
3/15/2016 9:56:03 AM:Returned account: devfabricregion System.Collections.Generic.Dictionary`2[System.String,System.String] Microsoft.WindowsAzure.Task.BatchRPClient.AccountProperties
3/15/2016 9:56:03 AM:Returned account: devfabricregion System.Collections.Generic.Dictionary`2[System.String,System.String] Microsoft.WindowsAzure.Task.BatchRPClient.AccountProperties
3/15/2016 9:56:03 AM:PatchAccountTests: Class Cleanup</StdOut>
      </Output>
    </UnitTestResult>
    <UnitTestResult executionId="c946a5ac-b2f9-458c-ab33-adb18593a651" testId="1efbc46e-1ecc-4dc7-9e61-075c04529411" testName="ReplaceAccountKeysWrongSubscription" computerName="RD00155D44C34F" duration="00:00:03.8470000" startTime="2016-03-15T09:56:06.1302482+00:00" endTime="2016-03-15T09:56:06.1302482+00:00" testType="13cdc9d9-ddb5-4fa4-a97d-d965ccfc6d4b" outcome="Passed" testListId="8c84fa94-04c1-424b-9868-57a2d4851a1d" relativeResultsDirectory="c946a5ac-b2f9-458c-ab33-adb18593a651">
      <Output>
        <StdOut>3/15/2016 9:56:00 AM:TRPFEAPITests, Version=8.5.0.0, Culture=neutral, PublicKeyToken=null: Assembly Init
3/15/2016 9:56:01 AM:Sleeping for 15 seconds... polling https://localhost:20204/subscriptions/8adc1aaf-9f77-404c-8cab-4054363d94e9/resourceGroups/myresources/providers/Microsoft.Batch/batchAccounts/account195196/operationResults/b21ea5d8-85bc-48db-ae5d-18dbdb09dcdd?api-version=2015-09-01
3/15/2016 9:56:04 AM:Returned account: account195196 devfabricregion  Microsoft.WindowsAzure.Task.BatchRPClient.AccountProperties
3/15/2016 9:56:04 AM:Request Id : 5ff75e6b-06ee-47f8-8bc7-ca6a0b40f3a0
3/15/2016 9:56:04 AM:Received status code NotFound as expected
3/15/2016 9:56:04 AM:AccountKeyTests: Class Cleanup</StdOut>
      </Output>
    </UnitTestResult>
    <UnitTestResult executionId="fc468b18-63e3-421d-ba0b-8eb49f112a3b" testId="a44c73c4-c8ff-4a9b-93ee-57eeaa715d79" testName="ReplaceAccountKeysAccountDoesNotExist" computerName="RD00155D44C34F" duration="00:00:00.0570000" startTime="2016-03-15T09:56:06.1302482+00:00" endTime="2016-03-15T09:56:06.1302482+00:00" testType="13cdc9d9-ddb5-4fa4-a97d-d965ccfc6d4b" outcome="Passed" testListId="8c84fa94-04c1-424b-9868-57a2d4851a1d" relativeResultsDirectory="fc468b18-63e3-421d-ba0b-8eb49f112a3b">
      <Output>
        <StdOut>3/15/2016 9:56:04 AM:TRPFEAPITests, Version=8.5.0.0, Culture=neutral, PublicKeyToken=null: Assembly Init
3/15/2016 9:56:04 AM:Request Id : 6cdea3b5-f1b0-4958-a147-681fe60ea040
3/15/2016 9:56:04 AM:Received status code NotFound as expected
3/15/2016 9:56:04 AM:AccountKeyTests: Class Cleanup</StdOut>
      </Output>
    </UnitTestResult>
    <UnitTestResult executionId="0083ea43-3b18-4c8b-a4f4-a28b230f0a23" testId="10659b6e-0fd8-4272-8914-cc8f1eded1fe" testName="CreateAccountWithTagsAndProperties" computerName="RD00155D44C34F" duration="00:00:03.8130000" startTime="2016-03-15T09:56:07.6462500+00:00" endTime="2016-03-15T09:56:07.6462500+00:00" testType="13cdc9d9-ddb5-4fa4-a97d-d965ccfc6d4b" outcome="Passed" testListId="8c84fa94-04c1-424b-9868-57a2d4851a1d" relativeResultsDirectory="0083ea43-3b18-4c8b-a4f4-a28b230f0a23">
      <Output>
        <StdOut>3/15/2016 9:56:02 AM:TRPFEAPITests, Version=8.5.0.0, Culture=neutral, PublicKeyToken=null: Assembly Init
3/15/2016 9:56:03 AM:Sleeping for 15 seconds... polling https://localhost:20204/subscriptions/ab044702-40f8-4321-9921-947d9ee90838/resourceGroups/myresources/providers/Microsoft.Batch/batchAccounts/account359225/operationResults/e69acadd-59f5-4274-9a57-2cb82a64165a?api-version=2015-09-01
3/15/2016 9:56:06 AM:Returned account: account359225 devfabricregion System.Collections.Generic.Dictionary`2[System.String,System.String] Microsoft.WindowsAzure.Task.BatchRPClient.AccountProperties
3/15/2016 9:56:06 AM:Returned account: devfabricregion System.Collections.Generic.Dictionary`2[System.String,System.String] Microsoft.WindowsAzure.Task.BatchRPClient.AccountProperties
3/15/2016 9:56:06 AM:CreateAccountTests: Class Cleanup</StdOut>
      </Output>
    </UnitTestResult>
    <UnitTestResult executionId="8019e609-ba25-4adb-8c4f-2beba8aa453f" testId="6ce87dd0-a80f-4b95-9219-47e6408c1129" testName="UpdateSubscriptionDeleteSuspendedSubscription" computerName="RD00155D44C34F" duration="00:00:11.7920000" startTime="2016-03-15T09:56:07.6462500+00:00" endTime="2016-03-15T09:56:07.6462500+00:00" testType="13cdc9d9-ddb5-4fa4-a97d-d965ccfc6d4b" outcome="Passed" testListId="8c84fa94-04c1-424b-9868-57a2d4851a1d" relativeResultsDirectory="8019e609-ba25-4adb-8c4f-2beba8aa453f">
      <Output>
        <StdOut>3/15/2016 9:55:55 AM:TRPFEAPITests, Version=8.5.0.0, Culture=neutral, PublicKeyToken=null: Assembly Init
3/15/2016 9:55:55 AM:Sleeping for 15 seconds... polling https://localhost:20204/subscriptions/a4403d58-1f77-4dd7-a4a4-f26bc62e0eb6/resourceGroups/myresources/providers/Microsoft.Batch/batchAccounts/account313490/operationResults/2eb92f0e-e2d8-4d05-b8c7-759ef637b9bc?api-version=2015-09-01
3/15/2016 9:55:58 AM:Returned account: account313490 devfabricregion  Microsoft.WindowsAzure.Task.BatchRPClient.AccountProperties
3/15/2016 9:55:59 AM:HttpStatusCode Accepted received. Sleeping and retrying...
3/15/2016 9:56:03 AM:Request Id : e7b880ff-aa05-4d10-87ef-f2b1fb4dd269
3/15/2016 9:56:03 AM:Received status code Conflict as expected
3/15/2016 9:56:03 AM:HttpStatusCode Accepted received. Sleeping and retrying...
3/15/2016 9:56:06 AM:SubscriptionTests2: Class Cleanup</StdOut>
      </Output>
    </UnitTestResult>
    <UnitTestResult executionId="8fff5c9d-e196-4992-9ad0-7da58892271b" testId="9b8ca8da-9a4f-4b51-9dc7-4aefa8a72c27" testName="PatchAccountReadOnlyProperties" computerName="RD00155D44C34F" duration="00:00:03.7670000" startTime="2016-03-15T09:56:07.6462500+00:00" endTime="2016-03-15T09:56:07.6462500+00:00" testType="13cdc9d9-ddb5-4fa4-a97d-d965ccfc6d4b" outcome="Passed" testListId="8c84fa94-04c1-424b-9868-57a2d4851a1d" relativeResultsDirectory="8fff5c9d-e196-4992-9ad0-7da58892271b">
      <Output>
        <StdOut>3/15/2016 9:56:03 AM:TRPFEAPITests, Version=8.5.0.0, Culture=neutral, PublicKeyToken=null: Assembly Init
3/15/2016 9:56:04 AM:Sleeping for 15 seconds... polling https://localhost:20204/subscriptions/7fceec02-45f0-4286-851e-31a7aa6b2204/resourceGroups/myresources/providers/Microsoft.Batch/batchAccounts/account702165/operationResults/0ea39495-79fb-4d6c-beab-ba33ce62117c?api-version=2015-09-01
3/15/2016 9:56:07 AM:Returned account: account702165 devfabricregion  Microsoft.WindowsAzure.Task.BatchRPClient.AccountProperties
3/15/2016 9:56:07 AM:Request Id : 29fb1b2a-c21b-48d6-8bf8-ddd88b8768d3
3/15/2016 9:56:07 AM:Received status code BadRequest as expected
3/15/2016 9:56:07 AM:Request Id : 8c186345-2d74-423d-940e-e8424de7117a
3/15/2016 9:56:07 AM:Received status code BadRequest as expected
3/15/2016 9:56:07 AM:Request Id : 2758a2aa-5a12-4ec4-b80f-a35690901d4c
3/15/2016 9:56:07 AM:Received status code BadRequest as expected
3/15/2016 9:56:07 AM:Request Id : 1c82de92-3e07-4d0d-9731-17df3105e60e
3/15/2016 9:56:07 AM:Received status code BadRequest as expected
3/15/2016 9:56:07 AM:PatchAccountTests: Class Cleanup</StdOut>
      </Output>
    </UnitTestResult>
    <UnitTestResult executionId="b15c0421-5d53-4911-8d91-a72a889c8195" testId="594d5662-8ae4-4eb2-8d16-d323098f56ff" testName="PatchAccountNonexistentAccount" computerName="RD00155D44C34F" duration="00:00:00.0300000" startTime="2016-03-15T09:56:07.6462500+00:00" endTime="2016-03-15T09:56:07.6462500+00:00" testType="13cdc9d9-ddb5-4fa4-a97d-d965ccfc6d4b" outcome="Passed" testListId="8c84fa94-04c1-424b-9868-57a2d4851a1d" relativeResultsDirectory="b15c0421-5d53-4911-8d91-a72a889c8195">
      <Output>
        <StdOut>3/15/2016 9:56:07 AM:TRPFEAPITests, Version=8.5.0.0, Culture=neutral, PublicKeyToken=null: Assembly Init
3/15/2016 9:56:07 AM:Request Id : b3e1cff0-e281-4a92-8768-5fc731eaf5ce
3/15/2016 9:56:07 AM:Received status code NotFound as expected
3/15/2016 9:56:07 AM:PatchAccountTests: Class Cleanup</StdOut>
      </Output>
    </UnitTestResult>
    <UnitTestResult executionId="45ed9a80-1368-4886-b912-1411984e2a99" testId="e7f02e43-f4f0-4754-9324-55cd35a6d4b5" testName="GetAccountKeysPositive" computerName="RD00155D44C34F" duration="00:00:03.8630000" startTime="2016-03-15T09:56:09.1492482+00:00" endTime="2016-03-15T09:56:09.1492482+00:00" testType="13cdc9d9-ddb5-4fa4-a97d-d965ccfc6d4b" outcome="Passed" testListId="8c84fa94-04c1-424b-9868-57a2d4851a1d" relativeResultsDirectory="45ed9a80-1368-4886-b912-1411984e2a99">
      <Output>
        <StdOut>3/15/2016 9:56:04 AM:TRPFEAPITests, Version=8.5.0.0, Culture=neutral, PublicKeyToken=null: Assembly Init
3/15/2016 9:56:05 AM:Sleeping for 15 seconds... polling https://localhost:20204/subscriptions/a12971a0-b4e8-43f8-991f-8d8d7ce6fd74/resourceGroups/myresources/providers/Microsoft.Batch/batchAccounts/account285307/operationResults/afc0ee1a-8cb2-446c-b86f-c476e27c62b9?api-version=2015-09-01
3/15/2016 9:56:08 AM:Returned account: account285307 devfabricregion  Microsoft.WindowsAzure.Task.BatchRPClient.AccountProperties
3/15/2016 9:56:08 AM:AccountKeyTests: Class Cleanup</StdOut>
      </Output>
    </UnitTestResult>
    <UnitTestResult executionId="39c87650-5e3b-4ae4-8648-04fece9816bf" testId="1619794f-097b-4022-9c36-ee94517f8a50" testName="PatchAccountPositive" computerName="RD00155D44C34F" duration="00:00:04.2360000" startTime="2016-03-15T09:56:11.8282393+00:00" endTime="2016-03-15T09:56:11.8282393+00:00" testType="13cdc9d9-ddb5-4fa4-a97d-d965ccfc6d4b" outcome="Passed" testListId="8c84fa94-04c1-424b-9868-57a2d4851a1d" relativeResultsDirectory="39c87650-5e3b-4ae4-8648-04fece9816bf">
      <Output>
        <StdOut>3/15/2016 9:56:07 AM:TRPFEAPITests, Version=8.5.0.0, Culture=neutral, PublicKeyToken=null: Assembly Init
3/15/2016 9:56:07 AM:Register a subscription bd09721d-bf6d-450e-adc9-f34d314a5679
3/15/2016 9:56:07 AM:Create an account account170479
3/15/2016 9:56:08 AM:Sleeping for 15 seconds... polling https://localhost:20204/subscriptions/bd09721d-bf6d-450e-adc9-f34d314a5679/resourceGroups/myresources/providers/Microsoft.Batch/batchAccounts/account170479/operationResults/d51b934b-1193-490e-85c4-fc4fdd7a2b4f?api-version=2015-09-01
3/15/2016 9:56:11 AM:Returned account: account170479 devfabricregion System.Collections.Generic.Dictionary`2[System.String,System.String] Microsoft.WindowsAzure.Task.BatchRPClient.AccountProperties
3/15/2016 9:56:11 AM:Patch account account170479
3/15/2016 9:56:11 AM:Returned account: devfabricregion System.Collections.Generic.Dictionary`2[System.String,System.String] Microsoft.WindowsAzure.Task.BatchRPClient.AccountProperties
3/15/2016 9:56:11 AM:Returned account: devfabricregion System.Collections.Generic.Dictionary`2[System.String,System.String] Microsoft.WindowsAzure.Task.BatchRPClient.AccountProperties
3/15/2016 9:56:11 AM:Patch account account170479 for clearing tags
3/15/2016 9:56:11 AM:Returned account: devfabricregion  Microsoft.WindowsAzure.Task.BatchRPClient.AccountProperties
3/15/2016 9:56:11 AM:PatchAccountTests: Class Cleanup</StdOut>
      </Output>
    </UnitTestResult>
    <UnitTestResult executionId="588a0a52-2269-4983-9431-5aca4422f11c" testId="ed14921b-17b2-41b6-a31a-f6a0d9b7cf01" testName="GetAccountKeysWrongSubscription" computerName="RD00155D44C34F" duration="00:00:03.7150000" startTime="2016-03-15T09:56:13.3452499+00:00" endTime="2016-03-15T09:56:13.3452499+00:00" testType="13cdc9d9-ddb5-4fa4-a97d-d965ccfc6d4b" outcome="Passed" testListId="8c84fa94-04c1-424b-9868-57a2d4851a1d" relativeResultsDirectory="588a0a52-2269-4983-9431-5aca4422f11c">
      <Output>
        <StdOut>3/15/2016 9:56:08 AM:TRPFEAPITests, Version=8.5.0.0, Culture=neutral, PublicKeyToken=null: Assembly Init
3/15/2016 9:56:09 AM:Sleeping for 15 seconds... polling https://localhost:20204/subscriptions/b8265fb3-1a03-42a9-aa9b-2c78e1f7731d/resourceGroups/myresources/providers/Microsoft.Batch/batchAccounts/account36477/operationResults/b7f0d386-0b93-4c36-bc5c-d9d4bd0eb729?api-version=2015-09-01
3/15/2016 9:56:12 AM:Returned account: account36477 devfabricregion  Microsoft.WindowsAzure.Task.BatchRPClient.AccountProperties
3/15/2016 9:56:12 AM:Request Id : 3352c9ab-393a-4c73-a02b-145e9aaad5a7
3/15/2016 9:56:12 AM:Received status code NotFound as expected
3/15/2016 9:56:12 AM:AccountKeyTests: Class Cleanup</StdOut>
      </Output>
    </UnitTestResult>
    <UnitTestResult executionId="74ffdb5b-3ff4-4f25-8263-e20f041d3dae" testId="8a94c2f9-fb3a-4a9e-900f-3cc4007d83f0" testName="PatchAccountAlreadyExistsInDifferentResourceGroup" computerName="RD00155D44C34F" duration="00:00:03.7240000" startTime="2016-03-15T09:56:15.5562498+00:00" endTime="2016-03-15T09:56:15.5562498+00:00" testType="13cdc9d9-ddb5-4fa4-a97d-d965ccfc6d4b" outcome="Passed" testListId="8c84fa94-04c1-424b-9868-57a2d4851a1d" relativeResultsDirectory="74ffdb5b-3ff4-4f25-8263-e20f041d3dae">
      <Output>
        <StdOut>3/15/2016 9:56:11 AM:TRPFEAPITests, Version=8.5.0.0, Culture=neutral, PublicKeyToken=null: Assembly Init
3/15/2016 9:56:12 AM:Sleeping for 15 seconds... polling https://localhost:20204/subscriptions/17ffde4c-7dc4-48b0-b61d-64abc23680fc/resourceGroups/myresources1/providers/Microsoft.Batch/batchAccounts/account688874/operationResults/b51493b7-4f90-4e90-bb87-77d38e2825ff?api-version=2015-09-01
3/15/2016 9:56:15 AM:Returned account: account688874 devfabricregion  Microsoft.WindowsAzure.Task.BatchRPClient.AccountProperties
3/15/2016 9:56:15 AM:Request Id : ba426953-7b84-4290-80a6-09fe83769a33
3/15/2016 9:56:15 AM:Received status code NotFound as expected
3/15/2016 9:56:15 AM:PatchAccountTests: Class Cleanup</StdOut>
      </Output>
    </UnitTestResult>
    <UnitTestResult executionId="35def0e6-6d80-481d-bc2c-26f41685e9d4" testId="784e80bd-7bff-455b-8854-75d456f39bbe" testName="ReplaceAccountKeysPositive" computerName="RD00155D44C34F" duration="00:00:04.1190000" startTime="2016-03-15T09:56:17.0662487+00:00" endTime="2016-03-15T09:56:17.0662487+00:00" testType="13cdc9d9-ddb5-4fa4-a97d-d965ccfc6d4b" outcome="Passed" testListId="8c84fa94-04c1-424b-9868-57a2d4851a1d" relativeResultsDirectory="35def0e6-6d80-481d-bc2c-26f41685e9d4">
      <Output>
        <StdOut>3/15/2016 9:56:12 AM:TRPFEAPITests, Version=8.5.0.0, Culture=neutral, PublicKeyToken=null: Assembly Init
3/15/2016 9:56:12 AM:Sleeping for 15 seconds... polling https://localhost:20204/subscriptions/2489c468-7710-4720-87c0-f07d39b28827/resourceGroups/myresources/providers/Microsoft.Batch/batchAccounts/account569697/operationResults/0e2a70da-fbbc-47a5-b09f-07f331743168?api-version=2015-09-01
3/15/2016 9:56:15 AM:Returned account: account569697 devfabricregion  Microsoft.WindowsAzure.Task.BatchRPClient.AccountProperties
3/15/2016 9:56:15 AM:Primary key: Gz4vip4Zv3mp0sn5B8blLovU4fyQTw4WU12SeBDe+NYz//pcEiiD5gsqNZ3H4gFk3uqyjnrQvHw6JUl4GAFNhw==
3/15/2016 9:56:15 AM:Secondary key: 2G6okN2OdKkaqHM+/f7LJo861LwebPIE36l/0lD/y78+iyM2AzW5hczvJf+xr3txVCbR72QVgc0XIG3UFVoQxQ==
3/15/2016 9:56:16 AM:New primary key after regenerating primary: 2sjc8rsBC15aSI3nXmsLWhUZHtmae/UQXj0PAhw43uT6qAsPqxBWB+e/LsrOitDoQPET0Fcrfd7QQ0aJer9uRA==
3/15/2016 9:56:16 AM:New secondary key after regenerating primary: 2G6okN2OdKkaqHM+/f7LJo861LwebPIE36l/0lD/y78+iyM2AzW5hczvJf+xr3txVCbR72QVgc0XIG3UFVoQxQ==
3/15/2016 9:56:16 AM:New primary key after regenerating secondary: 2sjc8rsBC15aSI3nXmsLWhUZHtmae/UQXj0PAhw43uT6qAsPqxBWB+e/LsrOitDoQPET0Fcrfd7QQ0aJer9uRA==
3/15/2016 9:56:16 AM:New secondary key after regenerating secondary: 0U9VxEtCYagfx+QPJzHDyInsefIUhp5MU1ECzr7+VlRsdbdeKLl5G0WYMFEIUnqHgh/gc4NWqzY1h3dI08RGkg==
3/15/2016 9:56:16 AM:AccountKeyTests: Class Cleanup</StdOut>
      </Output>
    </UnitTestResult>
    <UnitTestResult executionId="1342252a-2d6b-4862-a00b-e77af4d3efea" testId="6c58e51b-740b-4291-9db5-7470a13ac1a2" testName="UpdateSubscriptionWarnAndUnsuspendeSingleAccount" computerName="RD00155D44C34F" duration="00:00:15.1580000" startTime="2016-03-15T09:56:18.5832487+00:00" endTime="2016-03-15T09:56:18.5832487+00:00" testType="13cdc9d9-ddb5-4fa4-a97d-d965ccfc6d4b" outcome="Passed" testListId="8c84fa94-04c1-424b-9868-57a2d4851a1d" relativeResultsDirectory="1342252a-2d6b-4862-a00b-e77af4d3efea">
      <Output>
        <StdOut>3/15/2016 9:56:03 AM:TRPFEAPITests, Version=8.5.0.0, Culture=neutral, PublicKeyToken=null: Assembly Init
3/15/2016 9:56:03 AM:Sleeping for 15 seconds... polling https://localhost:20204/subscriptions/b53d5164-a6ec-4e98-a187-e852f2b97cf7/resourceGroups/myresources/providers/Microsoft.Batch/batchAccounts/account297446/operationResults/68434005-82e1-4882-a048-23bfc48a628a?api-version=2015-09-01
3/15/2016 9:56:06 AM:Returned account: account297446 devfabricregion  Microsoft.WindowsAzure.Task.BatchRPClient.AccountProperties
3/15/2016 9:56:07 AM:Request Id : 080b6b18-50da-4b45-a4ff-7c5f985ecfc4
3/15/2016 9:56:07 AM:Received status code Conflict as expected
3/15/2016 9:56:07 AM:Request Id : dd89a159-2c0e-440f-bf59-5d93395241a1
3/15/2016 9:56:07 AM:Received status code Conflict as expected
3/15/2016 9:56:07 AM:Returned account: devfabricregion  Microsoft.WindowsAzure.Task.BatchRPClient.AccountProperties
3/15/2016 9:56:08 AM:Sleeping for 15 seconds... polling https://localhost:20204/subscriptions/b53d5164-a6ec-4e98-a187-e852f2b97cf7/resourceGroups/myresources/providers/Microsoft.Batch/batchAccounts/account923054/operationResults/eb303a88-7572-44d4-9e47-e8a0058bfa8c?api-version=2015-09-01
3/15/2016 9:56:11 AM:Request Id : 6b5d2d52-a212-44e4-b735-8189a4c531e4
3/15/2016 9:56:11 AM:Received status code Conflict as expected
3/15/2016 9:56:11 AM:HttpStatusCode Accepted received. Sleeping and retrying...
3/15/2016 9:56:15 AM:Sleeping for 15 seconds... polling https://localhost:20204/subscriptions/b53d5164-a6ec-4e98-a187-e852f2b97cf7/resourceGroups/myresources/providers/Microsoft.Batch/batchAccounts/account827289/operationResults/539e5281-64cd-4d2a-b64a-7424f827d344?api-version=2015-09-01
3/15/2016 9:56:18 AM:Returned account: account827289 devfabricregion  Microsoft.WindowsAzure.Task.BatchRPClient.AccountProperties
3/15/2016 9:56:18 AM:SubscriptionTests4: Class Cleanup</StdOut>
      </Output>
    </UnitTestResult>
    <UnitTestResult executionId="ae3afe3e-836e-4e46-a66e-f1120d81274f" testId="5a9d31c7-2f63-4d98-a518-d5cf6a76b6a8" testName="MigrateSubscriptionMultipleResourceGroups" computerName="RD00155D44C34F" duration="00:00:00.0010000" startTime="2016-03-15T09:56:18.5832487+00:00" endTime="2016-03-15T09:56:18.5832487+00:00" testType="13cdc9d9-ddb5-4fa4-a97d-d965ccfc6d4b" outcome="NotExecuted" testListId="8c84fa94-04c1-424b-9868-57a2d4851a1d" relativeResultsDirectory="ae3afe3e-836e-4e46-a66e-f1120d81274f" />
    <UnitTestResult executionId="3b9566a1-1a35-48f7-94d0-9153e3f714e5" testId="079b2de0-29d5-4132-b6a4-c7b370b03c2d" testName="PatchAccountAlreadyExistsInDifferentSubscription" computerName="RD00155D44C34F" duration="00:00:03.9130000" startTime="2016-03-15T09:56:20.1012480+00:00" endTime="2016-03-15T09:56:20.1012480+00:00" testType="13cdc9d9-ddb5-4fa4-a97d-d965ccfc6d4b" outcome="Passed" testListId="8c84fa94-04c1-424b-9868-57a2d4851a1d" relativeResultsDirectory="3b9566a1-1a35-48f7-94d0-9153e3f714e5">
      <Output>
        <StdOut>3/15/2016 9:56:15 AM:TRPFEAPITests, Version=8.5.0.0, Culture=neutral, PublicKeyToken=null: Assembly Init
3/15/2016 9:56:16 AM:Sleeping for 15 seconds... polling https://localhost:20204/subscriptions/a4290595-7d6b-46f9-870c-bb71fcb846b3/resourceGroups/myresources/providers/Microsoft.Batch/batchAccounts/account11325/operationResults/05367b6b-264f-4a05-b06a-d2f7a2471b72?api-version=2015-09-01
3/15/2016 9:56:19 AM:Returned account: account11325 devfabricregion  Microsoft.WindowsAzure.Task.BatchRPClient.AccountProperties
3/15/2016 9:56:19 AM:Request Id : 36b53923-ebe9-482e-a22b-9df4c554ea3a
3/15/2016 9:56:19 AM:Received status code NotFound as expected
3/15/2016 9:56:19 AM:PatchAccountTests: Class Cleanup</StdOut>
      </Output>
    </UnitTestResult>
    <UnitTestResult executionId="47404d46-d518-46dc-9b00-838d38a94f80" testId="3fe238e3-7e23-4a64-b40c-3959253d7551" testName="SubmitInvalidRequestTest" computerName="RD00155D44C34F" duration="00:00:00.2480000" startTime="2016-03-15T09:56:20.1012480+00:00" endTime="2016-03-15T09:56:20.1012480+00:00" testType="13cdc9d9-ddb5-4fa4-a97d-d965ccfc6d4b" outcome="Passed" testListId="8c84fa94-04c1-424b-9868-57a2d4851a1d" relativeResultsDirectory="47404d46-d518-46dc-9b00-838d38a94f80">
      <Output>
        <StdOut>3/15/2016 9:56:19 AM:TRPFEAPITests, Version=8.5.0.0, Culture=neutral, PublicKeyToken=null: Assembly Init
3/15/2016 9:56:19 AM:Client Request Id: 022687a0-6e5c-4ad3-8d44-ecd7da542e23
3/15/2016 9:56:19 AM:Using certificate with thumbprint 0EFE03AB2FDE203C1E50110F2983DAC00508EE0C.
3/15/2016 9:56:19 AM:Request Id : ffac018a-1304-40a5-a5ac-5b45b47774b1
3/15/2016 9:56:19 AM:request failed with: The remote server returned an error: (400) Bad Request.
3/15/2016 9:56:19 AM:Response body: {"code":"InvalidUri","message":"The requested URI does not represent any resource on the server.\nRequestId:ffac018a-1304-40a5-a5ac-5b45b47774b1\nTime:2016-03-15T09:56:19.5602499Z","target":"BatchAccount","details":[{"message":"https://localhost:20204/?api-version=2015-09-01"},{"message":"Invalid URI: Missing URI component subscriptions"}]}
3/15/2016 9:56:19 AM:Client Request Id: c009173b-56a8-421f-b2a6-e1aa461430a6
3/15/2016 9:56:19 AM:Using certificate with thumbprint 0EFE03AB2FDE203C1E50110F2983DAC00508EE0C.
3/15/2016 9:56:19 AM:Request Id : 271ba237-01c5-4c73-9944-e1f0e3f6a954
3/15/2016 9:56:19 AM:request failed with: The remote server returned an error: (400) Bad Request.
3/15/2016 9:56:19 AM:Response body: {"code":"InvalidUri","message":"The requested URI does not represent any resource on the server.\nRequestId:271ba237-01c5-4c73-9944-e1f0e3f6a954\nTime:2016-03-15T09:56:19.5672414Z","target":"BatchAccount","details":[{"message":"https://localhost:20204/aaa/?api-version=2015-09-01"},{"message":"Invalid URI: Missing URI component subscriptions"}]}
3/15/2016 9:56:19 AM:Client Request Id: f5166b38-1242-468a-aaf4-d451f0ea528b
3/15/2016 9:56:19 AM:Using certificate with thumbprint 0EFE03AB2FDE203C1E50110F2983DAC00508EE0C.
3/15/2016 9:56:19 AM:Request Id : eb265fb7-554a-4a94-a527-c88dee64429b
3/15/2016 9:56:19 AM:request failed with: The remote server returned an error: (400) Bad Request.
3/15/2016 9:56:19 AM:Response body: {"code":"InvalidUri","message":"The requested URI does not represent any resource on the server.\nRequestId:eb265fb7-554a-4a94-a527-c88dee64429b\nTime:2016-03-15T09:56:19.5772434Z","target":"BatchAccount","details":[{"message":"https://localhost:20204/subscriptions/?api-version=2015-09-01"},{"message":"Invalid URI: Missing URI component subscription"}]}
3/15/2016 9:56:19 AM:Client Request Id: c5a47895-d4ac-4978-8111-2790b22d05a7
3/15/2016 9:56:19 AM:Using certificate with thumbprint 0EFE03AB2FDE203C1E50110F2983DAC00508EE0C.
3/15/2016 9:56:19 AM:Request Id : 9c0a4332-b805-42d7-b872-da1579d34d1b
3/15/2016 9:56:19 AM:request failed with: The remote server returned an error: (400) Bad Request.
3/15/2016 9:56:19 AM:Response body: {"code":"InvalidUri","message":"The requested URI does not represent any resource on the server.\nRequestId:9c0a4332-b805-42d7-b872-da1579d34d1b\nTime:2016-03-15T09:56:19.5822425Z","target":"BatchAccount","details":[{"message":"https://localhost:20204/subscriptions/migratesubscription/aaa?api-version=2015-09-01"},{"message":"Invalid URI: Missing URI component resourceGroups"}]}
3/15/2016 9:56:19 AM:Client Request Id: 612a457a-382c-4074-8936-01812214e209
3/15/2016 9:56:19 AM:Using certificate with thumbprint 0EFE03AB2FDE203C1E50110F2983DAC00508EE0C.
3/15/2016 9:56:19 AM:Request Id : a74e9987-8fd3-4a33-904f-c3590593a0a7
3/15/2016 9:56:19 AM:request failed with: The remote server returned an error: (400) Bad Request.
3/15/2016 9:56:19 AM:Response body: {"code":"InvalidUri","message":"The requested URI does not represent any resource on the server.\nRequestId:a74e9987-8fd3-4a33-904f-c3590593a0a7\nTime:2016-03-15T09:56:19.5872411Z","target":"BatchAccount","details":[{"message":"https://localhost:20204/subscriptions/123456/operationresults/?api-version=2015-09-01"},{"message":"Invalid URI: Missing URI component operationResults"}]}
3/15/2016 9:56:19 AM:Client Request Id: ca2b8338-dabf-4fe5-b082-9a66970c4e51
3/15/2016 9:56:19 AM:Using certificate with thumbprint 0EFE03AB2FDE203C1E50110F2983DAC00508EE0C.
3/15/2016 9:56:19 AM:Request Id : d29d7e74-0c88-44ca-b0fe-853f534d7129
3/15/2016 9:56:19 AM:request failed with: The remote server returned an error: (400) Bad Request.
3/15/2016 9:56:19 AM:Response body: {"code":"InvalidUri","message":"The requested URI does not represent any resource on the server.\nRequestId:d29d7e74-0c88-44ca-b0fe-853f534d7129\nTime:2016-03-15T09:56:19.5922428Z","target":"BatchAccount","details":[{"message":"https://localhost:20204/subscriptions/123456/aaa?api-version=2015-09-01"},{"message":"Invalid URI: Missing URI component resourceGroups"}]}
3/15/2016 9:56:19 AM:Client Request Id: a0f745ed-2e6a-4866-b07c-008974d8b40c
3/15/2016 9:56:19 AM:Using certificate with thumbprint 0EFE03AB2FDE203C1E50110F2983DAC00508EE0C.
3/15/2016 9:56:19 AM:Request Id : aa4fd2b4-8475-4fda-9be4-d1af6427d0eb
3/15/2016 9:56:19 AM:request failed with: The remote server returned an error: (400) Bad Request.
3/15/2016 9:56:19 AM:Response body: {"code":"InvalidUri","message":"The requested URI does not represent any resource on the server.\nRequestId:aa4fd2b4-8475-4fda-9be4-d1af6427d0eb\nTime:2016-03-15T09:56:19.5992506Z","target":"BatchAccount","details":[{"message":"https://localhost:20204/subscriptions/123456/resourceGroups/?api-version=2015-09-01"},{"message":"Invalid URI: Missing URI component resourceGroup"}]}
3/15/2016 9:56:19 AM:Client Request Id: 03e8fd54-ee84-44b6-af9b-26d1a252f0ec
3/15/2016 9:56:19 AM:Using certificate with thumbprint 0EFE03AB2FDE203C1E50110F2983DAC00508EE0C.
3/15/2016 9:56:19 AM:Request Id : 851237e3-4018-4795-939a-0cb9e8c445cd
3/15/2016 9:56:19 AM:request failed with: The remote server returned an error: (400) Bad Request.
3/15/2016 9:56:19 AM:Response body: {"code":"InvalidUri","message":"The requested URI does not represent any resource on the server.\nRequestId:851237e3-4018-4795-939a-0cb9e8c445cd\nTime:2016-03-15T09:56:19.6042497Z","target":"BatchAccount","details":[{"message":"https://localhost:20204/subscriptions/123456/resourceGroups/mygroup/?api-version=2015-09-01"},{"message":"Invalid URI: Missing URI component providers"}]}
3/15/2016 9:56:19 AM:Client Request Id: 383878bb-3e67-4054-9385-3aaf38589d33
3/15/2016 9:56:19 AM:Using certificate with thumbprint 0EFE03AB2FDE203C1E50110F2983DAC00508EE0C.
3/15/2016 9:56:19 AM:Request Id : 8e7e1554-753a-4433-80b3-e371448b7313
3/15/2016 9:56:19 AM:request failed with: The remote server returned an error: (400) Bad Request.
3/15/2016 9:56:19 AM:Response body: {"code":"InvalidUri","message":"The requested URI does not represent any resource on the server.\nRequestId:8e7e1554-753a-4433-80b3-e371448b7313\nTime:2016-03-15T09:56:19.6082424Z","target":"BatchAccount","details":[{"message":"https://localhost:20204/subscriptions/123456/resourceGroups/mygroup/aaa?api-version=2015-09-01"},{"message":"Invalid URI: Missing URI component providers"}]}
3/15/2016 9:56:19 AM:Client Request Id: 83ae961f-b943-47a2-b67d-623c722c5845
3/15/2016 9:56:19 AM:Using certificate with thumbprint 0EFE03AB2FDE203C1E50110F2983DAC00508EE0C.
3/15/2016 9:56:19 AM:Request Id : 9e86c626-fb1d-429f-a088-68bb8030ef19
3/15/2016 9:56:19 AM:request failed with: The remote server returned an error: (400) Bad Request.
3/15/2016 9:56:19 AM:Response body: {"code":"InvalidUri","message":"The requested URI does not represent any resource on the server.\nRequestId:9e86c626-fb1d-429f-a088-68bb8030ef19\nTime:2016-03-15T09:56:19.6182392Z","target":"BatchAccount","details":[{"message":"https://localhost:20204/subscriptions/123456/resourceGroups/mygroup/providers?api-version=2015-09-01"},{"message":"Invalid URI: Missing URI component Microsoft.Batch"}]}
3/15/2016 9:56:19 AM:Client Request Id: 1ad7d8ea-fc5a-4aa8-b715-2bd3c2abe20f
3/15/2016 9:56:19 AM:Using certificate with thumbprint 0EFE03AB2FDE203C1E50110F2983DAC00508EE0C.
3/15/2016 9:56:19 AM:Request Id : c1da06af-9e78-41cc-96be-539a3fe41ea5
3/15/2016 9:56:19 AM:request failed with: The remote server returned an error: (400) Bad Request.
3/15/2016 9:56:19 AM:Response body: {"code":"InvalidUri","message":"The requested URI does not represent any resource on the server.\nRequestId:c1da06af-9e78-41cc-96be-539a3fe41ea5\nTime:2016-03-15T09:56:19.6232394Z","target":"BatchAccount","details":[{"message":"https://localhost:20204/subscriptions/123456/resourceGroups/mygroup/providers/aaa?api-version=2015-09-01"},{"message":"Invalid URI: Missing URI component Microsoft.Batch"}]}
3/15/2016 9:56:19 AM:Client Request Id: eb53da62-2d52-4bf5-967c-6f4f50738ebe
3/15/2016 9:56:19 AM:Using certificate with thumbprint 0EFE03AB2FDE203C1E50110F2983DAC00508EE0C.
3/15/2016 9:56:19 AM:Request Id : 1f58e258-7b46-4caa-bfa1-55b5cb90e967
3/15/2016 9:56:19 AM:request failed with: The remote server returned an error: (400) Bad Request.
3/15/2016 9:56:19 AM:Response body: {"code":"InvalidUri","message":"The requested URI does not represent any resource on the server.\nRequestId:1f58e258-7b46-4caa-bfa1-55b5cb90e967\nTime:2016-03-15T09:56:19.6282392Z","target":"BatchAccount","details":[{"message":"https://localhost:20204/subscriptions/123456/resourceGroups/mygroup/providers/Microsoft.Batch?api-version=2015-09-01"},{"message":"Invalid URI: Missing URI component batchAccounts"}]}
3/15/2016 9:56:19 AM:Client Request Id: 6cf48e67-03cc-4aff-82a9-54bbd3709369
3/15/2016 9:56:19 AM:Using certificate with thumbprint 0EFE03AB2FDE203C1E50110F2983DAC00508EE0C.
3/15/2016 9:56:19 AM:Request Id : b8abfb98-bd06-4ce6-9087-59c682fcacdf
3/15/2016 9:56:19 AM:request failed with: The remote server returned an error: (400) Bad Request.
3/15/2016 9:56:19 AM:Response body: {"code":"InvalidUri","message":"The requested URI does not represent any resource on the server.\nRequestId:b8abfb98-bd06-4ce6-9087-59c682fcacdf\nTime:2016-03-15T09:56:19.6322500Z","target":"BatchAccount","details":[{"message":"https://localhost:20204/subscriptions/123456/resourceGroups/mygroup/providers/Microsoft.Batch/aaa?api-version=2015-09-01"},{"message":"Invalid URI: Missing URI component batchAccounts"}]}
3/15/2016 9:56:19 AM:Client Request Id: 2ff41805-1c9f-4856-a881-24fa79d67735
3/15/2016 9:56:19 AM:Using certificate with thumbprint 0EFE03AB2FDE203C1E50110F2983DAC00508EE0C.
3/15/2016 9:56:19 AM:Request Id : 20c45b71-d4f5-4ca0-8e0e-1c071a836e9e
3/15/2016 9:56:19 AM:request failed with: The remote server returned an error: (400) Bad Request.
3/15/2016 9:56:19 AM:Response body: {"code":"InvalidUri","message":"The requested URI does not represent any resource on the server.\nRequestId:20c45b71-d4f5-4ca0-8e0e-1c071a836e9e\nTime:2016-03-15T09:56:19.6412488Z","target":"BatchAccount","details":[{"message":"https://localhost:20204/subscriptions/123456/resourceGroups/mygroup/providers/Microsoft.Batch/batchAccounts/mytaskacct/changeresourcegroup/aaa?api-version=2015-09-01"},{"message":"Subresources are not allowed for account"}]}
3/15/2016 9:56:19 AM:Client Request Id: 22801c26-15ce-4bb0-80b3-57c8a034beba
3/15/2016 9:56:19 AM:Using certificate with thumbprint 0EFE03AB2FDE203C1E50110F2983DAC00508EE0C.
3/15/2016 9:56:19 AM:Request Id : 1ac6f316-971a-4b7d-9213-75af20a6d1e0
3/15/2016 9:56:19 AM:request failed with: The remote server returned an error: (400) Bad Request.
3/15/2016 9:56:19 AM:Response body: {"code":"InvalidUri","message":"The requested URI does not represent any resource on the server.\nRequestId:1ac6f316-971a-4b7d-9213-75af20a6d1e0\nTime:2016-03-15T09:56:19.6462494Z","target":"BatchAccount","details":[{"message":"https://localhost:20204/subscriptions/123456/resourceGroups/mygroup/providers/Microsoft.Batch/batchAccounts/mytaskacct/getaccountkey/aaa?api-version=2015-09-01"},{"message":"Invalid URI: Missing URI component account"}]}
3/15/2016 9:56:19 AM:Client Request Id: 50aa4fff-3cd6-44a0-a6c9-1e9bdd9bf2f7
3/15/2016 9:56:19 AM:Using certificate with thumbprint 0EFE03AB2FDE203C1E50110F2983DAC00508EE0C.
3/15/2016 9:56:19 AM:Request Id : 14b1ab8f-714c-4ddf-914b-e594dc2d77aa
3/15/2016 9:56:19 AM:request failed with: The remote server returned an error: (400) Bad Request.
3/15/2016 9:56:19 AM:Response body: {"code":"InvalidUri","message":"The requested URI does not represent any resource on the server.\nRequestId:14b1ab8f-714c-4ddf-914b-e594dc2d77aa\nTime:2016-03-15T09:56:19.6502418Z","target":"BatchAccount","details":[{"message":"https://localhost:20204/subscriptions/123456/resourceGroups/mygroup/providers/Microsoft.Batch/batchAccounts/mytaskacct/replaceaccountkeys/aaa?api-version=2015-09-01"},{"message":"Invalid URI: Missing URI component account"}]}
3/15/2016 9:56:19 AM:Client Request Id: 192d52d2-b427-4753-8a2c-ce52e055cda7
3/15/2016 9:56:19 AM:Using certificate with thumbprint 0EFE03AB2FDE203C1E50110F2983DAC00508EE0C.
3/15/2016 9:56:19 AM:Request Id : 06e05ab2-11db-4c38-9451-26254c764d0e
3/15/2016 9:56:19 AM:request failed with: The remote server returned an error: (400) Bad Request.
3/15/2016 9:56:19 AM:Response body: {"code":"InvalidUri","message":"The requested URI does not represent any resource on the server.\nRequestId:06e05ab2-11db-4c38-9451-26254c764d0e\nTime:2016-03-15T09:56:19.6542398Z","target":"BatchAccount","details":[{"message":"https://localhost:20204/subscriptions/123456/resourceGroups/mygroup/providers/Microsoft.Batch/batchAccounts/mytaskacct/setaccountquota/aaa?api-version=2015-09-01"},{"message":"Subresources are not allowed for account"}]}
3/15/2016 9:56:19 AM:Client Request Id: 122e1942-e578-482f-ba03-c06a7f81b000
3/15/2016 9:56:19 AM:Using certificate with thumbprint 0EFE03AB2FDE203C1E50110F2983DAC00508EE0C.
3/15/2016 9:56:19 AM:Request Id : 2d5a1d4e-68d7-484b-9680-c54825c26fd8
3/15/2016 9:56:19 AM:request failed with: The remote server returned an error: (400) Bad Request.
3/15/2016 9:56:19 AM:Response body: {"code":"InvalidUri","message":"The requested URI does not represent any resource on the server.\nRequestId:2d5a1d4e-68d7-484b-9680-c54825c26fd8\nTime:2016-03-15T09:56:19.6622413Z","target":"BatchAccount","details":[{"message":"https://localhost:20204/subscriptions/123456/resourceGroups/mygroup/providers/Microsoft.Batch/batchAccounts/mytaskacct/operationresults/?api-version=2015-09-01"},{"message":"Invalid URI: Missing URI component operationResults"}]}
3/15/2016 9:56:19 AM:InvalidRequestTests: Class Cleanup</StdOut>
      </Output>
    </UnitTestResult>
    <UnitTestResult executionId="c482081e-9bfe-47cf-b48c-606af8a0fbc9" testId="1bbfac65-1005-4b58-b401-4f2f10fb0be8" testName="SubmitUnauthenticatedRequestTest" computerName="RD00155D44C34F" duration="00:00:00.1830000" startTime="2016-03-15T09:56:20.1012480+00:00" endTime="2016-03-15T09:56:20.1012480+00:00" testType="13cdc9d9-ddb5-4fa4-a97d-d965ccfc6d4b" outcome="Passed" testListId="8c84fa94-04c1-424b-9868-57a2d4851a1d" relativeResultsDirectory="c482081e-9bfe-47cf-b48c-606af8a0fbc9">
      <Output>
        <StdOut>3/15/2016 9:56:19 AM:TRPFEAPITests, Version=8.5.0.0, Culture=neutral, PublicKeyToken=null: Assembly Init
3/15/2016 9:56:19 AM:Client Request Id: 7a22af14-5014-4bf9-97c2-9c4ff0969b73
3/15/2016 9:56:19 AM:Request Id : bd6b32e4-5783-4f2f-9696-4f933bb5f3c4
3/15/2016 9:56:19 AM:request failed with: The remote server returned an error: (403) Forbidden.
3/15/2016 9:56:19 AM:Response body: {"code":"AuthenticationFailed","message":"Server failed to authenticate the request. Make sure the value of Authorization header is formed correctly including the signature.\nRequestId:bd6b32e4-5783-4f2f-9696-4f933bb5f3c4\nTime:2016-03-15T09:56:19.7582456Z","target":"BatchAccount"}
3/15/2016 9:56:19 AM:Client Request Id: 5de44520-07d4-4834-883f-de51bb571b1b
3/15/2016 9:56:19 AM:Using certificate with thumbprint B7960F84B2FE63016334208C840F2C445254E904.
3/15/2016 9:56:19 AM:Request Id : 64e5b713-eebe-46ff-ae3a-0dec66783a01
3/15/2016 9:56:19 AM:request failed with: The remote server returned an error: (403) Forbidden.
3/15/2016 9:56:19 AM:Response body: {"code":"AuthenticationFailed","message":"Server failed to authenticate the request. Make sure the value of Authorization header is formed correctly including the signature.\nRequestId:64e5b713-eebe-46ff-ae3a-0dec66783a01\nTime:2016-03-15T09:56:19.8452442Z","target":"BatchAccount"}
3/15/2016 9:56:19 AM:InvalidRequestTests: Class Cleanup</StdOut>
      </Output>
    </UnitTestResult>
    <UnitTestResult executionId="80889a27-ce62-419e-a883-ac5f04212fcf" testId="d1901e15-4f70-4805-ad21-9dc8c488e68a" testName="GetAccountKeysWrongResourceGroup" computerName="RD00155D44C34F" duration="00:00:03.6860000" startTime="2016-03-15T09:56:21.6152485+00:00" endTime="2016-03-15T09:56:21.6152485+00:00" testType="13cdc9d9-ddb5-4fa4-a97d-d965ccfc6d4b" outcome="Passed" testListId="8c84fa94-04c1-424b-9868-57a2d4851a1d" relativeResultsDirectory="80889a27-ce62-419e-a883-ac5f04212fcf">
      <Output>
        <StdOut>3/15/2016 9:56:16 AM:TRPFEAPITests, Version=8.5.0.0, Culture=neutral, PublicKeyToken=null: Assembly Init
3/15/2016 9:56:16 AM:Sleeping for 15 seconds... polling https://localhost:20204/subscriptions/26b3e392-f668-4187-9f86-17f69560f3eb/resourceGroups/myresources1/providers/Microsoft.Batch/batchAccounts/account245713/operationResults/e001aebd-8945-4d55-b695-ac132a11f126?api-version=2015-09-01
3/15/2016 9:56:20 AM:Returned account: account245713 devfabricregion  Microsoft.WindowsAzure.Task.BatchRPClient.AccountProperties
3/15/2016 9:56:20 AM:Request Id : 89f47029-fade-4c96-8678-80ff5b3f41d0
3/15/2016 9:56:20 AM:Received status code NotFound as expected
3/15/2016 9:56:20 AM:AccountKeyTests: Class Cleanup</StdOut>
      </Output>
    </UnitTestResult>
    <UnitTestResult executionId="735beb33-9ebb-4800-8dda-ae0527ae35b2" testId="275475d6-53af-4c58-b284-bc11ac39cc5d" testName="GetAccountKeysDefaultAccounts" computerName="RD00155D44C34F" duration="00:00:00.0780000" startTime="2016-03-15T09:56:21.6152485+00:00" endTime="2016-03-15T09:56:21.6152485+00:00" testType="13cdc9d9-ddb5-4fa4-a97d-d965ccfc6d4b" outcome="Passed" testListId="8c84fa94-04c1-424b-9868-57a2d4851a1d" relativeResultsDirectory="735beb33-9ebb-4800-8dda-ae0527ae35b2">
      <Output>
        <StdOut>3/15/2016 9:56:20 AM:TRPFEAPITests, Version=8.5.0.0, Culture=neutral, PublicKeyToken=null: Assembly Init
3/15/2016 9:56:20 AM:AccountKeyTests: Class Cleanup</StdOut>
      </Output>
    </UnitTestResult>
    <UnitTestResult executionId="f2229968-f529-46cc-b7e1-0a6e0e0f1ccf" testId="aba6ef8e-b21c-4a60-b13f-68526fb21f32" testName="GetAccountKeysAccountDoesNotExist" computerName="RD00155D44C34F" duration="00:00:00.0690000" startTime="2016-03-15T09:56:21.6152485+00:00" endTime="2016-03-15T09:56:21.6152485+00:00" testType="13cdc9d9-ddb5-4fa4-a97d-d965ccfc6d4b" outcome="Passed" testListId="8c84fa94-04c1-424b-9868-57a2d4851a1d" relativeResultsDirectory="f2229968-f529-46cc-b7e1-0a6e0e0f1ccf">
      <Output>
        <StdOut>3/15/2016 9:56:20 AM:TRPFEAPITests, Version=8.5.0.0, Culture=neutral, PublicKeyToken=null: Assembly Init
3/15/2016 9:56:20 AM:Request Id : 204380a6-c90b-40d2-9cc6-f105febb5eee
3/15/2016 9:56:20 AM:Received status code NotFound as expected
3/15/2016 9:56:20 AM:AccountKeyTests: Class Cleanup</StdOut>
      </Output>
    </UnitTestResult>
    <UnitTestResult executionId="10f64742-ed56-4f56-ade3-d9e9c3df224c" testId="3c25c93b-628d-4795-aa97-998d45cd365b" testName="UpdateSubscriptionUnsuspendedPositive" computerName="RD00155D44C34F" duration="00:00:16.1150000" startTime="2016-03-15T09:56:23.1872495+00:00" endTime="2016-03-15T09:56:23.1872495+00:00" testType="13cdc9d9-ddb5-4fa4-a97d-d965ccfc6d4b" outcome="Passed" testListId="8c84fa94-04c1-424b-9868-57a2d4851a1d" relativeResultsDirectory="10f64742-ed56-4f56-ade3-d9e9c3df224c">
      <Output>
        <StdOut>3/15/2016 9:56:06 AM:TRPFEAPITests, Version=8.5.0.0, Culture=neutral, PublicKeyToken=null: Assembly Init
3/15/2016 9:56:07 AM:Sleeping for 15 seconds... polling https://localhost:20204/subscriptions/d08475d8-0190-4f18-8468-f4f465feb6ae/resourceGroups/myresources/providers/Microsoft.Batch/batchAccounts/account787465/operationResults/5c81c34c-1572-4908-817c-50e0059f6c78?api-version=2015-09-01
3/15/2016 9:56:11 AM:Returned account: account787465 devfabricregion  Microsoft.WindowsAzure.Task.BatchRPClient.AccountProperties
3/15/2016 9:56:11 AM:HttpStatusCode Accepted received. Sleeping and retrying...
3/15/2016 9:56:15 AM:Request Id : f867c4c2-224b-4e16-9aca-4268d9516fe4
3/15/2016 9:56:15 AM:Received status code Conflict as expected
3/15/2016 9:56:15 AM:HttpStatusCode Accepted received. Sleeping and retrying...
3/15/2016 9:56:19 AM:Returned account: account787465 devfabricregion  Microsoft.WindowsAzure.Task.BatchRPClient.AccountProperties
3/15/2016 9:56:20 AM:Sleeping for 15 seconds... polling https://localhost:20204/subscriptions/d08475d8-0190-4f18-8468-f4f465feb6ae/resourceGroups/myresources/providers/Microsoft.Batch/batchAccounts/account825031/operationResults/7263d454-8182-4cd3-b173-a465bda57b8c?api-version=2015-09-01
3/15/2016 9:56:23 AM:Returned account: account825031 devfabricregion  Microsoft.WindowsAzure.Task.BatchRPClient.AccountProperties
3/15/2016 9:56:23 AM:SubscriptionTests2: Class Cleanup</StdOut>
      </Output>
    </UnitTestResult>
    <UnitTestResult executionId="1972eca6-1d69-456c-8239-8a80e3f40235" testId="d71337d6-34f1-4fc2-8949-73a64f83930c" testName="GetAccountInWrongResourceGroup" computerName="RD00155D44C34F" duration="00:00:03.8370000" startTime="2016-03-15T09:56:24.7032491+00:00" endTime="2016-03-15T09:56:24.7032491+00:00" testType="13cdc9d9-ddb5-4fa4-a97d-d965ccfc6d4b" outcome="Passed" testListId="8c84fa94-04c1-424b-9868-57a2d4851a1d" relativeResultsDirectory="1972eca6-1d69-456c-8239-8a80e3f40235">
      <Output>
        <StdOut>3/15/2016 9:56:19 AM:TRPFEAPITests, Version=8.5.0.0, Culture=neutral, PublicKeyToken=null: Assembly Init
3/15/2016 9:56:20 AM:Sleeping for 15 seconds... polling https://localhost:20204/subscriptions/28e31772-315c-45b0-98da-e2dc472be9a3/resourceGroups/myresources1/providers/Microsoft.Batch/batchAccounts/account552994/operationResults/ebca52f1-4080-4509-8214-2cb8fb1a17ac?api-version=2015-09-01
3/15/2016 9:56:23 AM:Returned account: account552994 devfabricregion  Microsoft.WindowsAzure.Task.BatchRPClient.AccountProperties
3/15/2016 9:56:23 AM:Request Id : 45b0ab74-df80-406f-81a3-c0f26c564c45
3/15/2016 9:56:23 AM:Received status code NotFound as expected
3/15/2016 9:56:23 AM:GetAccountTests: Class Cleanup</StdOut>
      </Output>
    </UnitTestResult>
    <UnitTestResult executionId="2696f3a5-0d37-4085-8ccd-c8b01395aec6" testId="34223bf9-87d9-46e0-945d-c41c37f1c6fc" testName="ReplaceAccountKeysWrongResourceGroup" computerName="RD00155D44C34F" duration="00:00:03.8570000" startTime="2016-03-15T09:56:24.7032491+00:00" endTime="2016-03-15T09:56:24.7032491+00:00" testType="13cdc9d9-ddb5-4fa4-a97d-d965ccfc6d4b" outcome="Passed" testListId="8c84fa94-04c1-424b-9868-57a2d4851a1d" relativeResultsDirectory="2696f3a5-0d37-4085-8ccd-c8b01395aec6">
      <Output>
        <StdOut>3/15/2016 9:56:20 AM:TRPFEAPITests, Version=8.5.0.0, Culture=neutral, PublicKeyToken=null: Assembly Init
3/15/2016 9:56:20 AM:Sleeping for 15 seconds... polling https://localhost:20204/subscriptions/014aeef5-a871-4d37-be15-2d7b560830ed/resourceGroups/myresources1/providers/Microsoft.Batch/batchAccounts/account268307/operationResults/4958a429-7755-4bec-bd43-26d24d230954?api-version=2015-09-01
3/15/2016 9:56:24 AM:Returned account: account268307 devfabricregion  Microsoft.WindowsAzure.Task.BatchRPClient.AccountProperties
3/15/2016 9:56:24 AM:Request Id : 065759fc-108d-4caf-b5b5-9447382936bb
3/15/2016 9:56:24 AM:Received status code NotFound as expected
3/15/2016 9:56:24 AM:AccountKeyTests: Class Cleanup</StdOut>
      </Output>
    </UnitTestResult>
    <UnitTestResult executionId="79d164a5-0244-4a58-90fb-48218f7756c4" testId="8de994c1-08e5-42e0-a8f8-597841110eaf" testName="GetAccountPositive" computerName="RD00155D44C34F" duration="00:00:03.8680000" startTime="2016-03-15T09:56:27.6102405+00:00" endTime="2016-03-15T09:56:27.6102405+00:00" testType="13cdc9d9-ddb5-4fa4-a97d-d965ccfc6d4b" outcome="Passed" testListId="8c84fa94-04c1-424b-9868-57a2d4851a1d" relativeResultsDirectory="79d164a5-0244-4a58-90fb-48218f7756c4">
      <Output>
        <StdOut>3/15/2016 9:56:23 AM:TRPFEAPITests, Version=8.5.0.0, Culture=neutral, PublicKeyToken=null: Assembly Init
3/15/2016 9:56:24 AM:Sleeping for 15 seconds... polling https://localhost:20204/subscriptions/cbaa3004-01e7-4c2c-82c3-21b398e6c0ad/resourceGroups/myresources/providers/Microsoft.Batch/batchAccounts/account347883/operationResults/f409d9f2-202d-4b52-a0a2-b02b58b9546d?api-version=2015-09-01
3/15/2016 9:56:27 AM:Returned account: account347883 devfabricregion  Microsoft.WindowsAzure.Task.BatchRPClient.AccountProperties
3/15/2016 9:56:27 AM:Returned account: devfabricregion  Microsoft.WindowsAzure.Task.BatchRPClient.AccountProperties
3/15/2016 9:56:27 AM:GetAccountTests: Class Cleanup</StdOut>
      </Output>
    </UnitTestResult>
    <UnitTestResult executionId="606f76cd-5424-4405-94cc-e0ba6267fed8" testId="e142a24b-4483-4828-a335-390c015e1560" testName="ChangeResourceGroupPositive" computerName="RD00155D44C34F" duration="00:00:03.8230000" startTime="2016-03-15T09:56:29.1132486+00:00" endTime="2016-03-15T09:56:29.1132486+00:00" testType="13cdc9d9-ddb5-4fa4-a97d-d965ccfc6d4b" outcome="Passed" testListId="8c84fa94-04c1-424b-9868-57a2d4851a1d" relativeResultsDirectory="606f76cd-5424-4405-94cc-e0ba6267fed8">
      <Output>
        <StdOut>3/15/2016 9:56:24 AM:TRPFEAPITests, Version=8.5.0.0, Culture=neutral, PublicKeyToken=null: Assembly Init
3/15/2016 9:56:24 AM:Sleeping for 15 seconds... polling https://localhost:20204/subscriptions/4169b6ce-f5f8-4f3d-a4b1-626785e86ecd/resourceGroups/myresources1/providers/Microsoft.Batch/batchAccounts/account652580/operationResults/1fc3c7c9-d277-48ad-a116-5a28b4fffb3a?api-version=2015-09-01
3/15/2016 9:56:27 AM:Returned account: account652580 devfabricregion  Microsoft.WindowsAzure.Task.BatchRPClient.AccountProperties
3/15/2016 9:56:27 AM:Request Id : 1a12776e-bf06-45bf-9b32-1144b35fb9ef
3/15/2016 9:56:27 AM:Received status code NotFound as expected
3/15/2016 9:56:27 AM:Returned account: devfabricregion  Microsoft.WindowsAzure.Task.BatchRPClient.AccountProperties
3/15/2016 9:56:27 AM:UpdateAccountTests: Class Cleanup</StdOut>
      </Output>
    </UnitTestResult>
    <UnitTestResult executionId="67a34ee0-e06c-4efb-a97b-c55526d68208" testId="689a4a62-285b-49d5-a5a8-aaf0bdf24a3c" testName="CreateAccountSubscriptionLimitExceeded" computerName="RD00155D44C34F" duration="00:00:21.9880000" startTime="2016-03-15T09:56:29.1132486+00:00" endTime="2016-03-15T09:56:29.1132486+00:00" testType="13cdc9d9-ddb5-4fa4-a97d-d965ccfc6d4b" outcome="Passed" testListId="8c84fa94-04c1-424b-9868-57a2d4851a1d" relativeResultsDirectory="67a34ee0-e06c-4efb-a97b-c55526d68208">
      <Output>
        <StdOut>3/15/2016 9:56:06 AM:TRPFEAPITests, Version=8.5.0.0, Culture=neutral, PublicKeyToken=null: Assembly Init
[...]
    </UnitTest>
    <UnitTest name="CreateAccountInvalidGeoRegion" storage="f:\wd\batchservicefeaturexunitbvttests\bin\tests\watask\trpfe\trpfeapitests.dll" id="cab4e3f5-3c48-43bf-b351-6b0825250c01">
      <Execution id="d17d83a3-1e3b-45e1-b5a4-d8f0263f5bfb" />
      <TestMethod codeBase="F:\wd\BatchServicefeaturexunitbvttests\bin\Tests\WATask\TRPFE\TRPFEApiTests.dll" adapterTypeName="Microsoft.VisualStudio.TestTools.TestTypes.Unit.UnitTestAdapter" className="Microsoft.Windows.Azure.Task.TRPFEAPITests.CreateAccountTests" name="CreateAccountInvalidGeoRegion" />
    </UnitTest>
    <UnitTest name="MoveResourcesNegative" storage="f:\wd\batchservicefeaturexunitbvttests\bin\tests\watask\trpfe\trpfeapitests.dll" id="f178d6b2-d653-46a1-b80c-f018faf12ea5">
      <Execution id="4eeca294-e410-4e81-8539-c9b0bcdc5eb9" />
      <TestMethod codeBase="F:\wd\BatchServicefeaturexunitbvttests\bin\Tests\WATask\TRPFE\TRPFEApiTests.dll" adapterTypeName="Microsoft.VisualStudio.TestTools.TestTypes.Unit.UnitTestAdapter" className="Microsoft.Windows.Azure.Task.TRPFEAPITests.ResourceGroupTests2" name="MoveResourcesNegative" />
    </UnitTest>
    <UnitTest name="CreateAccountWithLongTagsAndProperties" storage="f:\wd\batchservicefeaturexunitbvttests\bin\tests\watask\trpfe\trpfeapitests.dll" id="9b67c4a4-aa4f-4cc1-80eb-9fdb3f576f33">
      <Execution id="2b44f29a-1dfb-49dc-953b-30369f7e3987" />
      <TestMethod codeBase="F:\wd\BatchServicefeaturexunitbvttests\bin\Tests\WATask\TRPFE\TRPFEApiTests.dll" adapterTypeName="Microsoft.VisualStudio.TestTools.TestTypes.Unit.UnitTestAdapter" className="Microsoft.Windows.Azure.Task.TRPFEAPITests.CreateAccountTests" name="CreateAccountWithLongTagsAndProperties" />
    </UnitTest>
    <UnitTest name="CreateAccountAlreadyExistsInDifferentResourceGroup" storage="f:\wd\batchservicefeaturexunitbvttests\bin\tests\watask\trpfe\trpfeapitests.dll" id="b06d16d7-d967-4682-a762-dfe1806cbfa9">
      <Execution id="379d51d8-6530-499b-80a8-441298979197" />
      <TestMethod codeBase="F:\wd\BatchServicefeaturexunitbvttests\bin\Tests\WATask\TRPFE\TRPFEApiTests.dll" adapterTypeName="Microsoft.VisualStudio.TestTools.TestTypes.Unit.UnitTestAdapter" className="Microsoft.Windows.Azure.Task.TRPFEAPITests.CreateAccountTests" name="CreateAccountAlreadyExistsInDifferentResourceGroup" />
    </UnitTest>
    <UnitTest name="UpdateSubscriptionUnsuspendTwice" storage="f:\wd\batchservicefeaturexunitbvttests\bin\tests\watask\trpfe\trpfeapitests.dll" id="9bcd51da-0fa9-42d5-8ea9-b557aca54ab3">
      <Execution id="0f033ed8-a19f-4e62-9037-a535079f977b" />
      <TestMethod codeBase="F:\wd\BatchServicefeaturexunitbvttests\bin\Tests\WATask\TRPFE\TRPFEApiTests.dll" adapterTypeName="Microsoft.VisualStudio.TestTools.TestTypes.Unit.UnitTestAdapter" className="Microsoft.Windows.Azure.Task.TRPFEAPITests.SubscriptionTests3" name="UpdateSubscriptionUnsuspendTwice" />
    </UnitTest>
    <UnitTest name="CreateAccountSubscriptionNotRegistered" storage="f:\wd\batchservicefeaturexunitbvttests\bin\tests\watask\trpfe\trpfeapitests.dll" id="b0ef56ef-c3ff-4aeb-817a-798cc3ae96f7">
      <Execution id="9534d9e6-9acc-4aea-8634-0d6b56b25a1c" />
      <TestMethod codeBase="F:\wd\BatchServicefeaturexunitbvttests\bin\Tests\WATask\TRPFE\TRPFEApiTests.dll" adapterTypeName="Microsoft.VisualStudio.TestTools.TestTypes.Unit.UnitTestAdapter" className="Microsoft.Windows.Azure.Task.TRPFEAPITests.CreateAccountTests" name="CreateAccountSubscriptionNotRegistered" />
    </UnitTest>
    <UnitTest name="CreateAccountPositive" storage="f:\wd\batchservicefeaturexunitbvttests\bin\tests\watask\trpfe\trpfeapitests.dll" id="35c93236-5737-420f-8cd7-582bd53ed855">
      <Execution id="2dfe25e0-6321-4e23-ac3a-f7ece1d6997a" />
      <TestMethod codeBase="F:\wd\BatchServicefeaturexunitbvttests\bin\Tests\WATask\TRPFE\TRPFEApiTests.dll" adapterTypeName="Microsoft.VisualStudio.TestTools.TestTypes.Unit.UnitTestAdapter" className="Microsoft.Windows.Azure.Task.TRPFEAPITests.CreateAccountTests" name="CreateAccountPositive" />
    </UnitTest>
    <UnitTest name="MoveResourcesWithOneAccount" storage="f:\wd\batchservicefeaturexunitbvttests\bin\tests\watask\trpfe\trpfeapitests.dll" id="3af26ffb-180b-4b68-9299-e5e05b4257ca">
      <Execution id="8a2506a5-2d08-41ec-bd49-2484841cc24a" />
      <TestMethod codeBase="F:\wd\BatchServicefeaturexunitbvttests\bin\Tests\WATask\TRPFE\TRPFEApiTests.dll" adapterTypeName="Microsoft.VisualStudio.TestTools.TestTypes.Unit.UnitTestAdapter" className="Microsoft.Windows.Azure.Task.TRPFEAPITests.ResourceGroupTests1" name="MoveResourcesWithOneAccount" />
    </UnitTest>
    <UnitTest name="ListAccountsInEmptyResourceGroup" storage="f:\wd\batchservicefeaturexunitbvttests\bin\tests\watask\trpfe\trpfeapitests.dll" id="927f82f9-649b-4604-8687-7378755dc6ef">
      <Execution id="2b9287e3-9c38-44f0-847f-b5623b6c8cc8" />
      <TestMethod codeBase="F:\wd\BatchServicefeaturexunitbvttests\bin\Tests\WATask\TRPFE\TRPFEApiTests.dll" adapterTypeName="Microsoft.VisualStudio.TestTools.TestTypes.Unit.UnitTestAdapter" className="Microsoft.Windows.Azure.Task.TRPFEAPITests.ResourceGroupTests1" name="ListAccountsInEmptyResourceGroup" />
    </UnitTest>
    <UnitTest name="ListAccountsInResourceGroupWithSkipToken" storage="f:\wd\batchservicefeaturexunitbvttests\bin\tests\watask\trpfe\trpfeapitests.dll" id="173477c0-a5a5-4841-ba63-307d714b54f0">
      <Execution id="f45d0044-ae8f-4599-b0fd-67da8e5f52b3" />
      <TestMethod codeBase="F:\wd\BatchServicefeaturexunitbvttests\bin\Tests\WATask\TRPFE\TRPFEApiTests.dll" adapterTypeName="Microsoft.VisualStudio.TestTools.TestTypes.Unit.UnitTestAdapter" className="Microsoft.Windows.Azure.Task.TRPFEAPITests.ResourceGroupTests1" name="ListAccountsInResourceGroupWithSkipToken" />
    </UnitTest>
    <UnitTest name="ListAccountsInResourceGroupWithTagsAndProperties" storage="f:\wd\batchservicefeaturexunitbvttests\bin\tests\watask\trpfe\trpfeapitests.dll" id="cf3e50b7-d4f0-4083-b1fd-28b8df7ef540">
      <Execution id="fbcb9d6e-9c5e-420d-97d5-c2a1db4e03da" />
      <TestMethod codeBase="F:\wd\BatchServicefeaturexunitbvttests\bin\Tests\WATask\TRPFE\TRPFEApiTests.dll" adapterTypeName="Microsoft.VisualStudio.TestTools.TestTypes.Unit.UnitTestAdapter" className="Microsoft.Windows.Azure.Task.TRPFEAPITests.ResourceGroupTests1" name="ListAccountsInResourceGroupWithTagsAndProperties" />
    </UnitTest>
  </TestDefinitions>
  <TestEntries>
    <TestEntry testId="a5511e8a-b281-4821-870a-e531b0a8759d" executionId="1d7d1ac5-2a33-4059-a84d-2a2840fe75d5" testListId="8c84fa94-04c1-424b-9868-57a2d4851a1d" />
    <TestEntry testId="8bba7360-1968-4502-89c0-3be90fad1f1b" executionId="5c671831-f948-4f70-ba75-e201d14e20e9" testListId="8c84fa94-04c1-424b-9868-57a2d4851a1d" />
    <TestEntry testId="71aa99a3-1c95-45f6-b61f-e1a5fcad67ea" executionId="bd5eef77-f545-4b8e-bf6b-7383dc50c89a" testListId="8c84fa94-04c1-424b-9868-57a2d4851a1d" />
    <TestEntry testId="12f5f5ee-a51d-4d0e-ba52-39a1ab2b8334" executionId="b1bb7f2f-a00d-49db-a098-bc83fe4bfd2f" testListId="8c84fa94-04c1-424b-9868-57a2d4851a1d" />
    <TestEntry testId="9a17acfc-ef5d-4902-9cc9-ddaa71480e46" executionId="94bffaaa-d09a-4bd9-b96b-5611c1d11945" testListId="8c84fa94-04c1-424b-9868-57a2d4851a1d" />
    <TestEntry testId="de8d1b27-1e7f-4fcf-96f1-ee1e9f079d0f" executionId="582c35c0-5335-4061-936e-90ff67c51537" testListId="8c84fa94-04c1-424b-9868-57a2d4851a1d" />
    <TestEntry testId="52ec8578-9e2d-43d7-8cbd-4ceffae02ef9" executionId="4aeb2939-096b-4b51-a3d8-ca732cd693ea" testListId="8c84fa94-04c1-424b-9868-57a2d4851a1d" />
    <TestEntry testId="a491bd4d-436e-4b87-8d78-908af86239a5" executionId="af89d67b-0575-4d7c-bd46-e34b89c777f3" testListId="8c84fa94-04c1-424b-9868-57a2d4851a1d" />
    <TestEntry testId="0ecf5916-4d30-4e18-bfa8-812bb61053a2" executionId="49ba98e3-bb21-44e6-9b4f-40646f1202f4" testListId="8c84fa94-04c1-424b-9868-57a2d4851a1d" />
    <TestEntry testId="3691092b-07d3-4663-a864-b921aa1d6406" executionId="a1077e15-ecc3-431c-b7ed-96d698eec883" testListId="8c84fa94-04c1-424b-9868-57a2d4851a1d" />
    <TestEntry testId="e5a657d8-b80d-49f9-8791-89f92ce57f7e" executionId="b3e46d96-18c2-43a9-a89e-561e36c1e775" testListId="8c84fa94-04c1-424b-9868-57a2d4851a1d" />
    <TestEntry testId="01c726f8-c4a1-404d-bb68-5f92324c6801" executionId="28b85786-930d-4e10-b988-b1b37abdb256" testListId="8c84fa94-04c1-424b-9868-57a2d4851a1d" />
    <TestEntry testId="eb0535f8-9a12-4201-bf7c-ff75613820ff" executionId="726fcde7-a095-4bd9-9c31-f330f64f102c" testListId="8c84fa94-04c1-424b-9868-57a2d4851a1d" />
    <TestEntry testId="4ba3ea5b-6e30-416d-bb6b-df9fc9b2fef1" executionId="a2fd40b6-f935-4d1c-b040-8d7755a3c3d0" testListId="8c84fa94-04c1-424b-9868-57a2d4851a1d" />
    <TestEntry testId="b1bc9b80-37aa-4859-b7f7-1a5ace665626" executionId="260ede7a-23ac-438b-aa77-1dc58d99b9ee" testListId="8c84fa94-04c1-424b-9868-57a2d4851a1d" />
    <TestEntry testId="5ed10667-5d92-44ee-b699-d9c2cacde7d4" executionId="aa2704e2-6332-49b2-b5e6-334e6fccc332" testListId="8c84fa94-04c1-424b-9868-57a2d4851a1d" />
    <TestEntry testId="0168fe39-c2e0-4fa4-abbc-6ba26e8bf1cc" executionId="eb6b845b-8bad-453f-b559-b387ea53e5d7" testListId="8c84fa94-04c1-424b-9868-57a2d4851a1d" />
    <TestEntry testId="3898f48d-1037-4b36-b76f-2db4589056d8" executionId="c1de0700-ba28-41bc-b282-749258b61904" testListId="8c84fa94-04c1-424b-9868-57a2d4851a1d" />
    <TestEntry testId="680d58db-7c72-4e31-a9d8-72d50c1c665c" executionId="864f1b36-c8ba-4b19-99a8-b091f32fdf25" testListId="8c84fa94-04c1-424b-9868-57a2d4851a1d" />
    <TestEntry testId="e5f1ff95-c420-4bdf-9bb2-6b280c37ac5b" executionId="1357096d-a849-4bf4-ad43-6d301ac871bd" testListId="8c84fa94-04c1-424b-9868-57a2d4851a1d" />
    <TestEntry testId="7522b8dd-b330-4b66-932d-cf974ed04cd6" executionId="49921f4e-813a-4871-9145-3dfb7ba0a0f7" testListId="8c84fa94-04c1-424b-9868-57a2d4851a1d" />
    <TestEntry testId="a39ffadb-f289-486a-bf4d-733fc9ca3321" executionId="dc5c4df6-d268-4e3a-8f3c-3279d2ca38ce" testListId="8c84fa94-04c1-424b-9868-57a2d4851a1d" />
    <TestEntry testId="1efbc46e-1ecc-4dc7-9e61-075c04529411" executionId="c946a5ac-b2f9-458c-ab33-adb18593a651" testListId="8c84fa94-04c1-424b-9868-57a2d4851a1d" />
    <TestEntry testId="a44c73c4-c8ff-4a9b-93ee-57eeaa715d79" executionId="fc468b18-63e3-421d-ba0b-8eb49f112a3b" testListId="8c84fa94-04c1-424b-9868-57a2d4851a1d" />
    <TestEntry testId="10659b6e-0fd8-4272-8914-cc8f1eded1fe" executionId="0083ea43-3b18-4c8b-a4f4-a28b230f0a23" testListId="8c84fa94-04c1-424b-9868-57a2d4851a1d" />
    <TestEntry testId="6ce87dd0-a80f-4b95-9219-47e6408c1129" executionId="8019e609-ba25-4adb-8c4f-2beba8aa453f" testListId="8c84fa94-04c1-424b-9868-57a2d4851a1d" />
    <TestEntry testId="9b8ca8da-9a4f-4b51-9dc7-4aefa8a72c27" executionId="8fff5c9d-e196-4992-9ad0-7da58892271b" testListId="8c84fa94-04c1-424b-9868-57a2d4851a1d" />
    <TestEntry testId="594d5662-8ae4-4eb2-8d16-d323098f56ff" executionId="b15c0421-5d53-4911-8d91-a72a889c8195" testListId="8c84fa94-04c1-424b-9868-57a2d4851a1d" />
    <TestEntry testId="e7f02e43-f4f0-4754-9324-55cd35a6d4b5" executionId="45ed9a80-1368-4886-b912-1411984e2a99" testListId="8c84fa94-04c1-424b-9868-57a2d4851a1d" />
    <TestEntry testId="1619794f-097b-4022-9c36-ee94517f8a50" executionId="39c87650-5e3b-4ae4-8648-04fece9816bf" testListId="8c84fa94-04c1-424b-9868-57a2d4851a1d" />
    <TestEntry testId="ed14921b-17b2-41b6-a31a-f6a0d9b7cf01" executionId="588a0a52-2269-4983-9431-5aca4422f11c" testListId="8c84fa94-04c1-424b-9868-57a2d4851a1d" />
    <TestEntry testId="8a94c2f9-fb3a-4a9e-900f-3cc4007d83f0" executionId="74ffdb5b-3ff4-4f25-8263-e20f041d3dae" testListId="8c84fa94-04c1-424b-9868-57a2d4851a1d" />
    <TestEntry testId="784e80bd-7bff-455b-8854-75d456f39bbe" executionId="35def0e6-6d80-481d-bc2c-26f41685e9d4" testListId="8c84fa94-04c1-424b-9868-57a2d4851a1d" />
    <TestEntry testId="6c58e51b-740b-4291-9db5-7470a13ac1a2" executionId="1342252a-2d6b-4862-a00b-e77af4d3efea" testListId="8c84fa94-04c1-424b-9868-57a2d4851a1d" />
    <TestEntry testId="5a9d31c7-2f63-4d98-a518-d5cf6a76b6a8" executionId="ae3afe3e-836e-4e46-a66e-f1120d81274f" testListId="8c84fa94-04c1-424b-9868-57a2d4851a1d" />
    <TestEntry testId="079b2de0-29d5-4132-b6a4-c7b370b03c2d" executionId="3b9566a1-1a35-48f7-94d0-9153e3f714e5" testListId="8c84fa94-04c1-424b-9868-57a2d4851a1d" />
    <TestEntry testId="3fe238e3-7e23-4a64-b40c-3959253d7551" executionId="47404d46-d518-46dc-9b00-838d38a94f80" testListId="8c84fa94-04c1-424b-9868-57a2d4851a1d" />
    <TestEntry testId="1bbfac65-1005-4b58-b401-4f2f10fb0be8" executionId="c482081e-9bfe-47cf-b48c-606af8a0fbc9" testListId="8c84fa94-04c1-424b-9868-57a2d4851a1d" />
    <TestEntry testId="d1901e15-4f70-4805-ad21-9dc8c488e68a" executionId="80889a27-ce62-419e-a883-ac5f04212fcf" testListId="8c84fa94-04c1-424b-9868-57a2d4851a1d" />
    <TestEntry testId="275475d6-53af-4c58-b284-bc11ac39cc5d" executionId="735beb33-9ebb-4800-8dda-ae0527ae35b2" testListId="8c84fa94-04c1-424b-9868-57a2d4851a1d" />
    <TestEntry testId="aba6ef8e-b21c-4a60-b13f-68526fb21f32" executionId="f2229968-f529-46cc-b7e1-0a6e0e0f1ccf" testListId="8c84fa94-04c1-424b-9868-57a2d4851a1d" />
    <TestEntry testId="3c25c93b-628d-4795-aa97-998d45cd365b" executionId="10f64742-ed56-4f56-ade3-d9e9c3df224c" testListId="8c84fa94-04c1-424b-9868-57a2d4851a1d" />
    <TestEntry testId="d71337d6-34f1-4fc2-8949-73a64f83930c" executionId="1972eca6-1d69-456c-8239-8a80e3f40235" testListId="8c84fa94-04c1-424b-9868-57a2d4851a1d" />
    <TestEntry testId="34223bf9-87d9-46e0-945d-c41c37f1c6fc" executionId="2696f3a5-0d37-4085-8ccd-c8b01395aec6" testListId="8c84fa94-04c1-424b-9868-57a2d4851a1d" />
    <TestEntry testId="8de994c1-08e5-42e0-a8f8-597841110eaf" executionId="79d164a5-0244-4a58-90fb-48218f7756c4" testListId="8c84fa94-04c1-424b-9868-57a2d4851a1d" />
    <TestEntry testId="e142a24b-4483-4828-a335-390c015e1560" executionId="606f76cd-5424-4405-94cc-e0ba6267fed8" testListId="8c84fa94-04c1-424b-9868-57a2d4851a1d" />
    <TestEntry testId="689a4a62-285b-49d5-a5a8-aaf0bdf24a3c" executionId="67a34ee0-e06c-4efb-a97b-c55526d68208" testListId="8c84fa94-04c1-424b-9868-57a2d4851a1d" />
    <TestEntry testId="8131e813-6f82-4630-a8dc-b07cb4d83274" executionId="72932e01-4136-4996-a41f-7783c8bbdc50" testListId="8c84fa94-04c1-424b-9868-57a2d4851a1d" />
    <TestEntry testId="75f94f07-4a09-4500-be30-86eb8ca832ba" executionId="aa066614-22cc-48ab-ab4f-5cbaa8e3e7d7" testListId="8c84fa94-04c1-424b-9868-57a2d4851a1d" />
    <TestEntry testId="0b49b5c1-b991-4a5c-9bf2-4da9d60d101e" executionId="ec323906-e634-4d86-bd79-c093a8212400" testListId="8c84fa94-04c1-424b-9868-57a2d4851a1d" />
    <TestEntry testId="540cd391-afad-478a-9ac6-bb2016e281ba" executionId="b652f809-2297-4c38-8da2-01613a77fc57" testListId="8c84fa94-04c1-424b-9868-57a2d4851a1d" />
    <TestEntry testId="ee5c45e0-a73e-4420-b37f-3ac35650f37d" executionId="0d272d94-5326-43cd-8d2d-b1b813c1b072" testListId="8c84fa94-04c1-424b-9868-57a2d4851a1d" />
    <TestEntry testId="9842caa9-495c-48e6-ad88-3e23f003c16b" executionId="d7fa0c44-8650-4eb0-90ca-cf303ae6181e" testListId="8c84fa94-04c1-424b-9868-57a2d4851a1d" />
    <TestEntry testId="77882332-e069-4c2d-b8aa-ec9b7d252162" executionId="7988b819-03e9-4d8d-b6cc-03187f7e5bc1" testListId="8c84fa94-04c1-424b-9868-57a2d4851a1d" />
    <TestEntry testId="a5313e82-79a3-4155-9ddd-9c00d92c9786" executionId="66b7bf5f-ceaa-4bc9-a79c-11b91647192f" testListId="8c84fa94-04c1-424b-9868-57a2d4851a1d" />
    <TestEntry testId="27ee384a-f752-4d6b-bc13-b8e5f40fb2a3" executionId="f0af5619-7f79-49c6-a6b1-c977b03d1dc9" testListId="8c84fa94-04c1-424b-9868-57a2d4851a1d" />
    <TestEntry testId="60646f4f-94c3-49a9-842a-639c93fc5421" executionId="7543d816-094b-4b5c-a020-3d3d4ded2cfd" testListId="8c84fa94-04c1-424b-9868-57a2d4851a1d" />
    <TestEntry testId="2b47c643-685d-4f25-b01b-044bc9397eac" executionId="bbc9442e-6ec2-49ab-b973-8376ed20da01" testListId="8c84fa94-04c1-424b-9868-57a2d4851a1d" />
    <TestEntry testId="2d843b67-791b-4278-9211-98df7790f8b1" executionId="ddc1a641-dc84-4b44-9af9-78bf601fe89c" testListId="8c84fa94-04c1-424b-9868-57a2d4851a1d" />
    <TestEntry testId="8300d68f-5860-409a-8fcd-f396de89fbc9" executionId="f3bee3c6-1235-469f-bced-d6bf4a8955dc" testListId="8c84fa94-04c1-424b-9868-57a2d4851a1d" />
    <TestEntry testId="566e6361-1aff-4c8c-8d21-1d950395b961" executionId="f3acc7a4-85ff-410e-b0ea-c1fe92dfd503" testListId="8c84fa94-04c1-424b-9868-57a2d4851a1d" />
    <TestEntry testId="f16b38ba-4110-4312-b88a-e4c333f9bcc3" executionId="cd0b2742-c9f8-4669-ac59-96e6a1924ee8" testListId="8c84fa94-04c1-424b-9868-57a2d4851a1d" />
    <TestEntry testId="593dfc25-6df8-4249-9985-dee9bcba73f5" executionId="78b8bcf9-31a1-4c75-bcee-d6121394a02e" testListId="8c84fa94-04c1-424b-9868-57a2d4851a1d" />
    <TestEntry testId="10fc9674-5774-4d5f-b237-596e751d3b8a" executionId="ab7945ca-5dc2-4988-a924-17df4718d002" testListId="8c84fa94-04c1-424b-9868-57a2d4851a1d" />
    <TestEntry testId="efc7a140-79fe-42a4-a063-5b9c280eff9b" executionId="d62df301-e658-4b46-8243-9490efcdd8bc" testListId="8c84fa94-04c1-424b-9868-57a2d4851a1d" />
    <TestEntry testId="cab4e3f5-3c48-43bf-b351-6b0825250c01" executionId="d17d83a3-1e3b-45e1-b5a4-d8f0263f5bfb" testListId="8c84fa94-04c1-424b-9868-57a2d4851a1d" />
    <TestEntry testId="f178d6b2-d653-46a1-b80c-f018faf12ea5" executionId="4eeca294-e410-4e81-8539-c9b0bcdc5eb9" testListId="8c84fa94-04c1-424b-9868-57a2d4851a1d" />
    <TestEntry testId="9b67c4a4-aa4f-4cc1-80eb-9fdb3f576f33" executionId="2b44f29a-1dfb-49dc-953b-30369f7e3987" testListId="8c84fa94-04c1-424b-9868-57a2d4851a1d" />
    <TestEntry testId="b06d16d7-d967-4682-a762-dfe1806cbfa9" executionId="379d51d8-6530-499b-80a8-441298979197" testListId="8c84fa94-04c1-424b-9868-57a2d4851a1d" />
    <TestEntry testId="9bcd51da-0fa9-42d5-8ea9-b557aca54ab3" executionId="0f033ed8-a19f-4e62-9037-a535079f977b" testListId="8c84fa94-04c1-424b-9868-57a2d4851a1d" />
    <TestEntry testId="b0ef56ef-c3ff-4aeb-817a-798cc3ae96f7" executionId="9534d9e6-9acc-4aea-8634-0d6b56b25a1c" testListId="8c84fa94-04c1-424b-9868-57a2d4851a1d" />
    <TestEntry testId="35c93236-5737-420f-8cd7-582bd53ed855" executionId="2dfe25e0-6321-4e23-ac3a-f7ece1d6997a" testListId="8c84fa94-04c1-424b-9868-57a2d4851a1d" />
    <TestEntry testId="3af26ffb-180b-4b68-9299-e5e05b4257ca" executionId="8a2506a5-2d08-41ec-bd49-2484841cc24a" testListId="8c84fa94-04c1-424b-9868-57a2d4851a1d" />
    <TestEntry testId="927f82f9-649b-4604-8687-7378755dc6ef" executionId="2b9287e3-9c38-44f0-847f-b5623b6c8cc8" testListId="8c84fa94-04c1-424b-9868-57a2d4851a1d" />
    <TestEntry testId="173477c0-a5a5-4841-ba63-307d714b54f0" executionId="f45d0044-ae8f-4599-b0fd-67da8e5f52b3" testListId="8c84fa94-04c1-424b-9868-57a2d4851a1d" />
    <TestEntry testId="cf3e50b7-d4f0-4083-b1fd-28b8df7ef540" executionId="fbcb9d6e-9c5e-420d-97d5-c2a1db4e03da" testListId="8c84fa94-04c1-424b-9868-57a2d4851a1d" />
  </TestEntries>
  <TestLists>
    <TestList name="Results Not in a List" id="8c84fa94-04c1-424b-9868-57a2d4851a1d" />
    <TestList name="All Loaded Results" id="19431567-8539-422a-85d7-44ee4e166bda" />
  </TestLists>
  <ResultSummary outcome="Failed">
    <Counters total="76" executed="73" passed="72" failed="1" error="0" timeout="0" aborted="0" inconclusive="0" passedButRunAborted="0" notRunnable="0" notExecuted="0" disconnected="0" warning="0" completed="0" inProgress="0" pending="0" />
    <Output>
      <StdOut>Test 'ListAccountsInDefaultSubscription' was skipped in the test run.Test 'ListAccountsInSubscriptionDeletingState' was skipped in the test run.Test 'MigrateSubscriptionMultipleResourceGroups' was skipped in the test run.</StdOut>
    </Output>
  </ResultSummary>
</TestRun>